<?xml version="1.0" encoding="UTF-8"?>
<coverage generated="1775760779778" clover="3.2.0">
  <project timestamp="1775760779778" name="All files">
    <metrics statements="407" coveredstatements="310" conditionals="250" coveredconditionals="147" methods="203" coveredmethods="118" elements="860" coveredelements="575" complexity="0" loc="407" ncloc="407" packages="3" files="7" classes="7"/>
    <package name="src">
      <metrics statements="5" coveredstatements="5" conditionals="0" coveredconditionals="0" methods="2" coveredmethods="2"/>
      <file name="App.jsx" path="C:\Users\Tenzin\Desktop\swen732\SWEN-732-Financial-Tracker\financial-tracker\src\App.jsx">
        <metrics statements="5" coveredstatements="5" conditionals="0" coveredconditionals="0" methods="2" coveredmethods="2"/>
        <line num="12" count="5" type="stmt"/>
        <line num="14" count="5" type="stmt"/>
        <line num="16" count="5" type="stmt"/>
        <line num="18" count="5" type="stmt"/>
        <line num="29" count="4" type="stmt"/>
      </file>
    </package>
    <package name="src.components">
      <metrics statements="14" coveredstatements="11" conditionals="6" coveredconditionals="4" methods="7" coveredmethods="5"/>
      <file name="Sidebar.jsx" path="C:\Users\Tenzin\Desktop\swen732\SWEN-732-Financial-Tracker\financial-tracker\src\components\Sidebar.jsx">
        <metrics statements="14" coveredstatements="11" conditionals="6" coveredconditionals="4" methods="7" coveredmethods="5"/>
        <line num="12" count="2" type="stmt"/>
        <line num="21" count="12" type="stmt"/>
        <line num="24" count="12" type="stmt"/>
        <line num="25" count="12" type="stmt"/>
        <line num="26" count="10" type="cond" truecount="2" falsecount="0"/>
        <line num="27" count="10" type="stmt"/>
        <line num="29" count="10" type="stmt"/>
        <line num="30" count="0" type="cond" truecount="0" falsecount="2"/>
        <line num="31" count="0" type="stmt"/>
        <line num="33" count="10" type="stmt"/>
        <line num="36" count="12" type="stmt"/>
        <line num="38" count="0" type="stmt"/>
        <line num="50" count="60" type="stmt"/>
        <line num="53" count="2" type="stmt"/>
      </file>
    </package>
    <package name="src.pages">
      <metrics statements="388" coveredstatements="294" conditionals="244" coveredconditionals="143" methods="194" coveredmethods="111"/>
      <file name="Budget.jsx" path="C:\Users\Tenzin\Desktop\swen732\SWEN-732-Financial-Tracker\financial-tracker\src\pages\Budget.jsx">
        <metrics statements="87" coveredstatements="59" conditionals="52" coveredconditionals="26" methods="48" coveredmethods="31"/>
        <line num="6" count="2" type="stmt"/>
        <line num="7" count="2" type="stmt"/>
        <line num="9" count="2" type="stmt"/>
        <line num="16" count="2" type="stmt"/>
        <line num="18" count="12" type="cond" truecount="2" falsecount="0"/>
        <line num="19" count="4" type="stmt"/>
        <line num="20" count="12" type="cond" truecount="2" falsecount="0"/>
        <line num="21" count="12" type="stmt"/>
        <line num="22" count="12" type="cond" truecount="2" falsecount="0"/>
        <line num="23" count="13" type="stmt"/>
        <line num="26" count="18" type="stmt"/>
        <line num="28" count="18" type="stmt"/>
        <line num="29" count="18" type="cond" truecount="2" falsecount="0"/>
        <line num="30" count="18" type="stmt"/>
        <line num="31" count="18" type="stmt"/>
        <line num="32" count="18" type="stmt"/>
        <line num="33" count="18" type="stmt"/>
        <line num="34" count="18" type="stmt"/>
        <line num="36" count="18" type="stmt"/>
        <line num="37" count="12" type="stmt"/>
        <line num="38" count="12" type="stmt"/>
        <line num="39" count="12" type="stmt"/>
        <line num="40" count="12" type="stmt"/>
        <line num="42" count="12" type="cond" truecount="1" falsecount="1"/>
        <line num="43" count="0" type="stmt"/>
        <line num="45" count="36" type="stmt"/>
        <line num="52" count="12" type="stmt"/>
        <line num="53" count="12" type="stmt"/>
        <line num="56" count="0" type="stmt"/>
        <line num="57" count="0" type="stmt"/>
        <line num="61" count="18" type="stmt"/>
        <line num="62" count="0" type="stmt"/>
        <line num="63" count="0" type="stmt"/>
        <line num="65" count="0" type="stmt"/>
        <line num="66" count="0" type="cond" truecount="0" falsecount="4"/>
        <line num="67" count="0" type="stmt"/>
        <line num="69" count="0" type="stmt"/>
        <line num="70" count="0" type="stmt"/>
        <line num="73" count="18" type="stmt"/>
        <line num="75" count="18" type="stmt"/>
        <line num="76" count="16" type="cond" truecount="2" falsecount="0"/>
        <line num="77" count="4" type="stmt"/>
        <line num="78" count="11" type="stmt"/>
        <line num="79" count="4" type="stmt"/>
        <line num="82" count="18" type="stmt"/>
        <line num="83" count="18" type="stmt"/>
        <line num="85" count="18" type="stmt"/>
        <line num="86" count="0" type="cond" truecount="0" falsecount="2"/>
        <line num="87" count="0" type="stmt"/>
        <line num="88" count="0" type="stmt"/>
        <line num="89" count="0" type="stmt"/>
        <line num="90" count="0" type="stmt"/>
        <line num="91" count="0" type="stmt"/>
        <line num="98" count="0" type="stmt"/>
        <line num="99" count="0" type="stmt"/>
        <line num="101" count="0" type="stmt"/>
        <line num="102" count="0" type="stmt"/>
        <line num="104" count="0" type="stmt"/>
        <line num="107" count="18" type="stmt"/>
        <line num="108" count="1" type="stmt"/>
        <line num="109" count="1" type="stmt"/>
        <line num="110" count="3" type="stmt"/>
        <line num="112" count="0" type="stmt"/>
        <line num="116" count="18" type="cond" truecount="0" falsecount="2"/>
        <line num="117" count="18" type="cond" truecount="0" falsecount="2"/>
        <line num="118" count="18" type="cond" truecount="0" falsecount="2"/>
        <line num="120" count="90" type="stmt"/>
        <line num="121" count="90" type="stmt"/>
        <line num="123" count="18" type="stmt"/>
        <line num="139" count="1" type="cond" truecount="1" falsecount="1"/>
        <line num="146" count="90" type="stmt"/>
        <line num="149" count="0" type="stmt"/>
        <line num="157" count="90" type="stmt"/>
        <line num="160" count="0" type="stmt"/>
        <line num="179" count="11" type="cond" truecount="1" falsecount="1"/>
        <line num="180" count="11" type="stmt"/>
        <line num="181" count="11" type="stmt"/>
        <line num="191" count="0" type="stmt"/>
        <line num="194" count="0" type="stmt"/>
        <line num="196" count="1" type="stmt"/>
        <line num="212" count="0" type="stmt"/>
        <line num="213" count="0" type="cond" truecount="0" falsecount="2"/>
        <line num="229" count="11" type="stmt"/>
        <line num="230" count="11" type="stmt"/>
        <line num="231" count="11" type="stmt"/>
        <line num="232" count="11" type="stmt"/>
        <line num="234" count="72" type="stmt"/>
      </file>
      <file name="Dashboard.jsx" path="C:\Users\Tenzin\Desktop\swen732\SWEN-732-Financial-Tracker\financial-tracker\src\pages\Dashboard.jsx">
        <metrics statements="78" coveredstatements="55" conditionals="54" coveredconditionals="18" methods="44" coveredmethods="15"/>
        <line num="13" count="2" type="stmt"/>
        <line num="15" count="154" type="stmt"/>
        <line num="18" count="12" type="cond" truecount="2" falsecount="0"/>
        <line num="19" count="0" type="stmt"/>
        <line num="23" count="22" type="cond" truecount="2" falsecount="0"/>
        <line num="24" count="0" type="stmt"/>
        <line num="28" count="12" type="cond" truecount="2" falsecount="0"/>
        <line num="32" count="1" type="stmt"/>
        <line num="35" count="2" type="stmt"/>
        <line num="36" count="0" type="cond" truecount="0" falsecount="5"/>
        <line num="37" count="0" type="stmt"/>
        <line num="46" count="0" type="stmt"/>
        <line num="50" count="4" type="stmt"/>
        <line num="63" count="0" type="stmt"/>
        <line num="70" count="0" type="stmt"/>
        <line num="77" count="0" type="stmt"/>
        <line num="90" count="22" type="stmt"/>
        <line num="92" count="22" type="stmt"/>
        <line num="93" count="22" type="stmt"/>
        <line num="94" count="22" type="stmt"/>
        <line num="95" count="22" type="stmt"/>
        <line num="96" count="22" type="stmt"/>
        <line num="98" count="22" type="stmt"/>
        <line num="99" count="12" type="stmt"/>
        <line num="100" count="12" type="stmt"/>
        <line num="101" count="12" type="stmt"/>
        <line num="103" count="0" type="cond" truecount="0" falsecount="2"/>
        <line num="106" count="12" type="stmt"/>
        <line num="108" count="0" type="cond" truecount="0" falsecount="4"/>
        <line num="109" count="0" type="stmt"/>
        <line num="110" count="0" type="stmt"/>
        <line num="111" count="0" type="stmt"/>
        <line num="121" count="12" type="stmt"/>
        <line num="122" count="12" type="stmt"/>
        <line num="125" count="22" type="stmt"/>
        <line num="127" count="22" type="stmt"/>
        <line num="128" count="22" type="stmt"/>
        <line num="129" count="22" type="stmt"/>
        <line num="131" count="22" type="stmt"/>
        <line num="132" count="0" type="stmt"/>
        <line num="133" count="0" type="cond" truecount="0" falsecount="2"/>
        <line num="136" count="22" type="stmt"/>
        <line num="137" count="22" type="stmt"/>
        <line num="138" count="22" type="stmt"/>
        <line num="139" count="22" type="cond" truecount="1" falsecount="1"/>
        <line num="141" count="22" type="cond" truecount="2" falsecount="0"/>
        <line num="142" count="22" type="stmt"/>
        <line num="144" count="22" type="stmt"/>
        <line num="146" count="22" type="stmt"/>
        <line num="147" count="0" type="cond" truecount="0" falsecount="2"/>
        <line num="150" count="22" type="stmt"/>
        <line num="154" count="22" type="stmt"/>
        <line num="156" count="22" type="stmt"/>
        <line num="157" count="0" type="cond" truecount="0" falsecount="2"/>
        <line num="160" count="22" type="stmt"/>
        <line num="165" count="22" type="stmt"/>
        <line num="166" count="132" type="stmt"/>
        <line num="167" count="132" type="stmt"/>
        <line num="168" count="132" type="stmt"/>
        <line num="169" count="132" type="stmt"/>
        <line num="170" count="0" type="stmt"/>
        <line num="171" count="0" type="cond" truecount="0" falsecount="2"/>
        <line num="173" count="132" type="stmt"/>
        <line num="174" count="132" type="stmt"/>
        <line num="175" count="132" type="stmt"/>
        <line num="178" count="22" type="stmt"/>
        <line num="180" count="22" type="stmt"/>
        <line num="196" count="1" type="stmt"/>
        <line num="198" count="1" type="stmt"/>
        <line num="199" count="1" type="stmt"/>
        <line num="200" count="1" type="stmt"/>
        <line num="201" count="1" type="stmt"/>
        <line num="203" count="1" type="stmt"/>
        <line num="212" count="3" type="stmt"/>
        <line num="224" count="0" type="stmt"/>
        <line num="259" count="0" type="stmt"/>
        <line num="260" count="0" type="cond" truecount="0" falsecount="4"/>
        <line num="264" count="0" type="stmt"/>
      </file>
      <file name="Goals.jsx" path="C:\Users\Tenzin\Desktop\swen732\SWEN-732-Financial-Tracker\financial-tracker\src\pages\Goals.jsx">
        <metrics statements="78" coveredstatements="69" conditionals="55" coveredconditionals="43" methods="32" coveredmethods="24"/>
        <line num="5" count="3" type="stmt"/>
        <line num="6" count="3" type="stmt"/>
        <line num="8" count="20" type="cond" truecount="2" falsecount="0"/>
        <line num="9" count="4" type="stmt"/>
        <line num="12" count="43" type="stmt"/>
        <line num="14" count="43" type="stmt"/>
        <line num="15" count="43" type="stmt"/>
        <line num="16" count="43" type="stmt"/>
        <line num="17" count="43" type="stmt"/>
        <line num="18" count="43" type="stmt"/>
        <line num="19" count="43" type="stmt"/>
        <line num="23" count="43" type="stmt"/>
        <line num="25" count="43" type="stmt"/>
        <line num="26" count="16" type="stmt"/>
        <line num="27" count="16" type="stmt"/>
        <line num="28" count="16" type="stmt"/>
        <line num="29" count="16" type="stmt"/>
        <line num="30" count="16" type="stmt"/>
        <line num="39" count="16" type="stmt"/>
        <line num="41" count="0" type="stmt"/>
        <line num="43" count="16" type="stmt"/>
        <line num="46" count="43" type="stmt"/>
        <line num="48" count="43" type="stmt"/>
        <line num="49" count="1" type="cond" truecount="3" falsecount="1"/>
        <line num="50" count="1" type="stmt"/>
        <line num="51" count="1" type="stmt"/>
        <line num="52" count="1" type="stmt"/>
        <line num="53" count="1" type="stmt"/>
        <line num="54" count="1" type="cond" truecount="2" falsecount="0"/>
        <line num="56" count="1" type="stmt"/>
        <line num="67" count="1" type="cond" truecount="1" falsecount="1"/>
        <line num="69" count="1" type="stmt"/>
        <line num="70" count="1" type="stmt"/>
        <line num="72" count="1" type="stmt"/>
        <line num="73" count="1" type="cond" truecount="2" falsecount="0"/>
        <line num="74" count="1" type="stmt"/>
        <line num="76" count="1" type="stmt"/>
        <line num="85" count="1" type="stmt"/>
        <line num="86" count="1" type="stmt"/>
        <line num="88" count="0" type="stmt"/>
        <line num="89" count="0" type="stmt"/>
        <line num="91" count="1" type="stmt"/>
        <line num="94" count="43" type="stmt"/>
        <line num="95" count="1" type="stmt"/>
        <line num="96" count="1" type="stmt"/>
        <line num="97" count="1" type="stmt"/>
        <line num="98" count="1" type="stmt"/>
        <line num="99" count="1" type="stmt"/>
        <line num="100" count="1" type="stmt"/>
        <line num="102" count="0" type="stmt"/>
        <line num="106" count="43" type="stmt"/>
        <line num="107" count="2" type="stmt"/>
        <line num="108" count="2" type="cond" truecount="1" falsecount="1"/>
        <line num="109" count="2" type="stmt"/>
        <line num="110" count="2" type="stmt"/>
        <line num="111" count="2" type="stmt"/>
        <line num="112" count="2" type="stmt"/>
        <line num="113" count="2" type="stmt"/>
        <line num="117" count="43" type="stmt"/>
        <line num="124" count="6" type="stmt"/>
        <line num="136" count="1" type="stmt"/>
        <line num="141" count="1" type="stmt"/>
        <line num="146" count="0" type="stmt"/>
        <line num="151" count="0" type="stmt"/>
        <line num="157" count="150" type="stmt"/>
        <line num="171" count="90" type="stmt"/>
        <line num="181" count="1" type="stmt"/>
        <line num="191" count="10" type="cond" truecount="1" falsecount="1"/>
        <line num="192" count="10" type="stmt"/>
        <line num="193" count="10" type="stmt"/>
        <line num="194" count="10" type="cond" truecount="2" falsecount="0"/>
        <line num="195" count="10" type="stmt"/>
        <line num="214" count="1" type="stmt"/>
        <line num="239" count="40" type="stmt"/>
        <line num="241" count="2" type="stmt"/>
        <line num="249" count="0" type="cond" truecount="0" falsecount="2"/>
        <line num="257" count="0" type="stmt"/>
        <line num="262" count="0" type="cond" truecount="0" falsecount="2"/>
      </file>
      <file name="Savings.jsx" path="C:\Users\Tenzin\Desktop\swen732\SWEN-732-Financial-Tracker\financial-tracker\src\pages\Savings.jsx">
        <metrics statements="60" coveredstatements="53" conditionals="34" coveredconditionals="20" methods="28" coveredmethods="18"/>
        <line num="6" count="2" type="stmt"/>
        <line num="9" count="12" type="cond" truecount="2" falsecount="0"/>
        <line num="10" count="0" type="stmt"/>
        <line num="14" count="16" type="stmt"/>
        <line num="18" count="20" type="stmt"/>
        <line num="19" count="20" type="stmt"/>
        <line num="20" count="20" type="stmt"/>
        <line num="21" count="20" type="stmt"/>
        <line num="22" count="120" type="stmt"/>
        <line num="23" count="120" type="stmt"/>
        <line num="24" count="120" type="stmt"/>
        <line num="30" count="20" type="stmt"/>
        <line num="34" count="20" type="stmt"/>
        <line num="36" count="20" type="stmt"/>
        <line num="37" count="20" type="cond" truecount="2" falsecount="0"/>
        <line num="39" count="20" type="stmt"/>
        <line num="40" count="20" type="stmt"/>
        <line num="42" count="20" type="stmt"/>
        <line num="44" count="20" type="stmt"/>
        <line num="45" count="20" type="stmt"/>
        <line num="47" count="20" type="stmt"/>
        <line num="48" count="12" type="stmt"/>
        <line num="49" count="12" type="stmt"/>
        <line num="50" count="12" type="stmt"/>
        <line num="51" count="12" type="stmt"/>
        <line num="55" count="12" type="stmt"/>
        <line num="58" count="20" type="stmt"/>
        <line num="60" count="20" type="stmt"/>
        <line num="61" count="20" type="stmt"/>
        <line num="62" count="20" type="stmt"/>
        <line num="64" count="20" type="stmt"/>
        <line num="65" count="20" type="stmt"/>
        <line num="66" count="20" type="stmt"/>
        <line num="67" count="120" type="stmt"/>
        <line num="68" count="120" type="stmt"/>
        <line num="69" count="120" type="stmt"/>
        <line num="70" count="120" type="stmt"/>
        <line num="71" count="0" type="stmt"/>
        <line num="72" count="0" type="cond" truecount="0" falsecount="2"/>
        <line num="74" count="120" type="stmt"/>
        <line num="75" count="120" type="stmt"/>
        <line num="76" count="120" type="stmt"/>
        <line num="77" count="120" type="stmt"/>
        <line num="78" count="120" type="stmt"/>
        <line num="82" count="20" type="stmt"/>
        <line num="83" count="20" type="cond" truecount="1" falsecount="1"/>
        <line num="85" count="20" type="stmt"/>
        <line num="86" count="20" type="stmt"/>
        <line num="87" count="1602" type="cond" truecount="2" falsecount="0"/>
        <line num="88" count="20" type="cond" truecount="2" falsecount="0"/>
        <line num="91" count="20" type="stmt"/>
        <line num="104" count="1" type="cond" truecount="1" falsecount="1"/>
        <line num="109" count="1" type="cond" truecount="1" falsecount="1"/>
        <line num="114" count="0" type="stmt"/>
        <line num="120" count="1" type="cond" truecount="1" falsecount="1"/>
        <line num="125" count="1" type="cond" truecount="1" falsecount="1"/>
        <line num="142" count="80" type="stmt"/>
        <line num="164" count="0" type="stmt"/>
        <line num="166" count="0" type="stmt"/>
        <line num="190" count="0" type="stmt"/>
      </file>
      <file name="Transactions.jsx" path="C:\Users\Tenzin\Desktop\swen732\SWEN-732-Financial-Tracker\financial-tracker\src\pages\Transactions.jsx">
        <metrics statements="85" coveredstatements="58" conditionals="49" coveredconditionals="36" methods="42" coveredmethods="23"/>
        <line num="5" count="3" type="stmt"/>
        <line num="12" count="55" type="stmt"/>
        <line num="14" count="55" type="stmt"/>
        <line num="15" count="55" type="stmt"/>
        <line num="16" count="55" type="stmt"/>
        <line num="17" count="55" type="stmt"/>
        <line num="18" count="55" type="stmt"/>
        <line num="19" count="55" type="stmt"/>
        <line num="20" count="55" type="stmt"/>
        <line num="21" count="55" type="stmt"/>
        <line num="29" count="55" type="stmt"/>
        <line num="30" count="55" type="stmt"/>
        <line num="32" count="55" type="stmt"/>
        <line num="33" count="19" type="stmt"/>
        <line num="34" count="19" type="stmt"/>
        <line num="35" count="19" type="stmt"/>
        <line num="36" count="38" type="stmt"/>
        <line num="44" count="19" type="stmt"/>
        <line num="46" count="0" type="stmt"/>
        <line num="48" count="19" type="stmt"/>
        <line num="51" count="55" type="stmt"/>
        <line num="53" count="55" type="stmt"/>
        <line num="54" count="1" type="cond" truecount="3" falsecount="1"/>
        <line num="55" count="1" type="stmt"/>
        <line num="56" count="1" type="stmt"/>
        <line num="57" count="1" type="stmt"/>
        <line num="58" count="1" type="stmt"/>
        <line num="59" count="1" type="cond" truecount="1" falsecount="1"/>
        <line num="60" count="1" type="stmt"/>
        <line num="61" count="1" type="stmt"/>
        <line num="69" count="1" type="stmt"/>
        <line num="70" count="1" type="stmt"/>
        <line num="78" count="0" type="stmt"/>
        <line num="80" count="1" type="stmt"/>
        <line num="83" count="55" type="stmt"/>
        <line num="84" count="1" type="stmt"/>
        <line num="85" count="1" type="stmt"/>
        <line num="86" count="2" type="stmt"/>
        <line num="87" count="1" type="cond" truecount="1" falsecount="1"/>
        <line num="89" count="0" type="stmt"/>
        <line num="93" count="55" type="stmt"/>
        <line num="94" count="0" type="stmt"/>
        <line num="95" count="0" type="stmt"/>
        <line num="104" count="55" type="stmt"/>
        <line num="105" count="0" type="stmt"/>
        <line num="106" count="0" type="cond" truecount="0" falsecount="2"/>
        <line num="107" count="0" type="cond" truecount="0" falsecount="2"/>
        <line num="108" count="0" type="stmt"/>
        <line num="109" count="0" type="cond" truecount="0" falsecount="2"/>
        <line num="117" count="0" type="stmt"/>
        <line num="119" count="0" type="stmt"/>
        <line num="123" count="55" type="stmt"/>
        <line num="124" count="24" type="cond" truecount="2" falsecount="0"/>
        <line num="125" count="24" type="cond" truecount="1" falsecount="1"/>
        <line num="126" count="24" type="cond" truecount="2" falsecount="0"/>
        <line num="129" count="55" type="stmt"/>
        <line num="131" count="55" type="stmt"/>
        <line num="138" count="9" type="stmt"/>
        <line num="150" count="2" type="stmt"/>
        <line num="155" count="2" type="stmt"/>
        <line num="159" count="0" type="stmt"/>
        <line num="160" count="322" type="stmt"/>
        <line num="165" count="0" type="stmt"/>
        <line num="172" count="0" type="stmt"/>
        <line num="179" count="1" type="stmt"/>
        <line num="186" count="165" type="cond" truecount="2" falsecount="0"/>
        <line num="188" count="4" type="stmt"/>
        <line num="191" count="0" type="stmt"/>
        <line num="194" count="770" type="stmt"/>
        <line num="207" count="72" type="stmt"/>
        <line num="213" count="21" type="stmt"/>
        <line num="214" count="21" type="cond" truecount="1" falsecount="1"/>
        <line num="218" count="0" type="stmt"/>
        <line num="223" count="0" type="stmt"/>
        <line num="228" count="0" type="stmt"/>
        <line num="230" count="0" type="stmt"/>
        <line num="235" count="0" type="stmt"/>
        <line num="243" count="0" type="stmt"/>
        <line num="248" count="0" type="stmt"/>
        <line num="250" count="0" type="stmt"/>
        <line num="255" count="0" type="stmt"/>
        <line num="256" count="0" type="stmt"/>
        <line num="257" count="0" type="stmt"/>
        <line num="269" count="1" type="stmt"/>
        <line num="270" count="1" type="stmt"/>
      </file>
    </package>
  </project>
</coverage>
