{"C:\\Users\\Tenzin\\Desktop\\swen732\\SWEN-732-Financial-Tracker\\financial-tracker\\src\\App.jsx": {"path":"C:\\Users\\Tenzin\\Desktop\\swen732\\SWEN-732-Financial-Tracker\\financial-tracker\\src\\App.jsx","statementMap":{"0":{"start":{"line":12,"column":34},"end":{"line":12,"column":null}},"1":{"start":{"line":14,"column":16},"end":{"line":14,"column":null}},"2":{"start":{"line":16,"column":21},"end":{"line":16,"column":null}},"3":{"start":{"line":18,"column":2},"end":{"line":24,"column":null}},"4":{"start":{"line":29,"column":2},"end":{"line":32,"column":null}}},"fnMap":{"0":{"name":"AppShell","decl":{"start":{"line":11,"column":9},"end":{"line":11,"column":20}},"loc":{"start":{"line":11,"column":20},"end":{"line":26,"column":null}},"line":11},"1":{"name":"App","decl":{"start":{"line":28,"column":24},"end":{"line":28,"column":30}},"loc":{"start":{"line":28,"column":30},"end":{"line":34,"column":null}},"line":28}},"branchMap":{},"s":{"0":5,"1":5,"2":5,"3":5,"4":4},"f":{"0":5,"1":4},"b":{},"meta":{"lastBranch":0,"lastFunction":2,"lastStatement":5,"seen":{"f:11:9:11:20":0,"s:12:34:12:Infinity":0,"s:14:16:14:Infinity":1,"s:16:21:16:Infinity":2,"s:18:2:24:Infinity":3,"f:28:24:28:30":1,"s:29:2:32:Infinity":4}}}
,"C:\\Users\\Tenzin\\Desktop\\swen732\\SWEN-732-Financial-Tracker\\financial-tracker\\src\\components\\Sidebar.jsx": {"path":"C:\\Users\\Tenzin\\Desktop\\swen732\\SWEN-732-Financial-Tracker\\financial-tracker\\src\\components\\Sidebar.jsx","statementMap":{"0":{"start":{"line":12,"column":12},"end":{"line":18,"column":null}},"1":{"start":{"line":21,"column":35},"end":{"line":21,"column":null}},"2":{"start":{"line":24,"column":28},"end":{"line":24,"column":null}},"3":{"start":{"line":25,"column":2},"end":{"line":34,"column":null}},"4":{"start":{"line":26,"column":19},"end":{"line":26,"column":null}},"5":{"start":{"line":27,"column":4},"end":{"line":27,"column":null}},"6":{"start":{"line":29,"column":21},"end":{"line":32,"column":null}},"7":{"start":{"line":30,"column":21},"end":{"line":30,"column":null}},"8":{"start":{"line":31,"column":6},"end":{"line":31,"column":null}},"9":{"start":{"line":33,"column":4},"end":{"line":33,"column":null}},"10":{"start":{"line":33,"column":17},"end":{"line":33,"column":null}},"11":{"start":{"line":36,"column":2},"end":{"line":73,"column":null}},"12":{"start":{"line":38,"column":55},"end":{"line":38,"column":null}},"13":{"start":{"line":50,"column":10},"end":{"line":57,"column":null}},"14":{"start":{"line":53,"column":27},"end":{"line":53,"column":null}}},"fnMap":{"0":{"name":"Sidebar","decl":{"start":{"line":20,"column":24},"end":{"line":20,"column":32}},"loc":{"start":{"line":20,"column":63},"end":{"line":75,"column":null}},"line":20},"1":{"name":"(anonymous_1)","decl":{"start":{"line":25,"column":12},"end":{"line":25,"column":18}},"loc":{"start":{"line":25,"column":18},"end":{"line":34,"column":5}},"line":25},"2":{"name":"(anonymous_2)","decl":{"start":{"line":29,"column":33},"end":{"line":29,"column":39}},"loc":{"start":{"line":29,"column":39},"end":{"line":32,"column":7}},"line":29},"3":{"name":"(anonymous_3)","decl":{"start":{"line":33,"column":11},"end":{"line":33,"column":17}},"loc":{"start":{"line":33,"column":17},"end":{"line":33,"column":null}},"line":33},"4":{"name":"(anonymous_4)","decl":{"start":{"line":38,"column":49},"end":{"line":38,"column":55}},"loc":{"start":{"line":38,"column":55},"end":{"line":38,"column":null}},"line":38},"5":{"name":"(anonymous_5)","decl":{"start":{"line":49,"column":17},"end":{"line":49,"column":18}},"loc":{"start":{"line":50,"column":10},"end":{"line":57,"column":null}},"line":50},"6":{"name":"(anonymous_6)","decl":{"start":{"line":53,"column":21},"end":{"line":53,"column":27}},"loc":{"start":{"line":53,"column":27},"end":{"line":53,"column":null}},"line":53}},"branchMap":{"0":{"loc":{"start":{"line":26,"column":30},"end":{"line":26,"column":78}},"type":"binary-expr","locations":[{"start":{"line":26,"column":30},"end":{"line":26,"column":75}},{"start":{"line":26,"column":75},"end":{"line":26,"column":78}}],"line":26},"1":{"loc":{"start":{"line":30,"column":32},"end":{"line":30,"column":80}},"type":"binary-expr","locations":[{"start":{"line":30,"column":32},"end":{"line":30,"column":77}},{"start":{"line":30,"column":77},"end":{"line":30,"column":80}}],"line":30},"2":{"loc":{"start":{"line":52,"column":35},"end":{"line":52,"column":73}},"type":"cond-expr","locations":[{"start":{"line":52,"column":60},"end":{"line":52,"column":71}},{"start":{"line":52,"column":71},"end":{"line":52,"column":73}}],"line":52}},"s":{"0":2,"1":12,"2":12,"3":12,"4":10,"5":10,"6":10,"7":0,"8":0,"9":10,"10":10,"11":12,"12":0,"13":60,"14":2},"f":{"0":12,"1":10,"2":0,"3":10,"4":0,"5":60,"6":2},"b":{"0":[10,10],"1":[0,0],"2":[12,48]},"meta":{"lastBranch":3,"lastFunction":7,"lastStatement":15,"seen":{"s:12:12:18:Infinity":0,"f:20:24:20:32":0,"s:21:35:21:Infinity":1,"s:24:28:24:Infinity":2,"s:25:2:34:Infinity":3,"f:25:12:25:18":1,"s:26:19:26:Infinity":4,"b:26:30:26:75:26:75:26:78":0,"s:27:4:27:Infinity":5,"s:29:21:32:Infinity":6,"f:29:33:29:39":2,"s:30:21:30:Infinity":7,"b:30:32:30:77:30:77:30:80":1,"s:31:6:31:Infinity":8,"s:33:4:33:Infinity":9,"f:33:11:33:17":3,"s:33:17:33:Infinity":10,"s:36:2:73:Infinity":11,"f:38:49:38:55":4,"s:38:55:38:Infinity":12,"f:49:17:49:18":5,"s:50:10:57:Infinity":13,"b:52:60:52:71:52:71:52:73":2,"f:53:21:53:27":6,"s:53:27:53:Infinity":14}}}
,"C:\\Users\\Tenzin\\Desktop\\swen732\\SWEN-732-Financial-Tracker\\financial-tracker\\src\\pages\\Budget.jsx": {"path":"C:\\Users\\Tenzin\\Desktop\\swen732\\SWEN-732-Financial-Tracker\\financial-tracker\\src\\pages\\Budget.jsx","statementMap":{"0":{"start":{"line":6,"column":21},"end":{"line":6,"column":null}},"1":{"start":{"line":7,"column":19},"end":{"line":7,"column":null}},"2":{"start":{"line":9,"column":23},"end":{"line":15,"column":null}},"3":{"start":{"line":16,"column":21},"end":{"line":16,"column":null}},"4":{"start":{"line":18,"column":36},"end":{"line":18,"column":139}},"5":{"start":{"line":18,"column":42},"end":{"line":18,"column":116}},"6":{"start":{"line":18,"column":126},"end":{"line":18,"column":137}},"7":{"start":{"line":19,"column":42},"end":{"line":19,"column":113}},"8":{"start":{"line":20,"column":29},"end":{"line":20,"column":132}},"9":{"start":{"line":20,"column":35},"end":{"line":20,"column":104}},"10":{"start":{"line":20,"column":117},"end":{"line":20,"column":130}},"11":{"start":{"line":21,"column":32},"end":{"line":21,"column":93}},"12":{"start":{"line":22,"column":31},"end":{"line":22,"column":103}},"13":{"start":{"line":23,"column":34},"end":{"line":23,"column":89}},"14":{"start":{"line":26,"column":15},"end":{"line":26,"column":null}},"15":{"start":{"line":28,"column":30},"end":{"line":28,"column":null}},"16":{"start":{"line":28,"column":49},"end":{"line":28,"column":69}},"17":{"start":{"line":29,"column":26},"end":{"line":29,"column":null}},"18":{"start":{"line":29,"column":45},"end":{"line":29,"column":81}},"19":{"start":{"line":30,"column":28},"end":{"line":30,"column":null}},"20":{"start":{"line":31,"column":28},"end":{"line":31,"column":null}},"21":{"start":{"line":32,"column":24},"end":{"line":32,"column":null}},"22":{"start":{"line":33,"column":26},"end":{"line":33,"column":null}},"23":{"start":{"line":34,"column":32},"end":{"line":34,"column":null}},"24":{"start":{"line":36,"column":8},"end":{"line":59,"column":null}},"25":{"start":{"line":37,"column":4},"end":{"line":37,"column":null}},"26":{"start":{"line":38,"column":4},"end":{"line":58,"column":null}},"27":{"start":{"line":39,"column":19},"end":{"line":39,"column":null}},"28":{"start":{"line":40,"column":19},"end":{"line":40,"column":null}},"29":{"start":{"line":42,"column":6},"end":{"line":54,"column":null}},"30":{"start":{"line":43,"column":8},"end":{"line":43,"column":null}},"31":{"start":{"line":45,"column":21},"end":{"line":51,"column":null}},"32":{"start":{"line":45,"column":43},"end":{"line":51,"column":10}},"33":{"start":{"line":52,"column":8},"end":{"line":52,"column":null}},"34":{"start":{"line":53,"column":8},"end":{"line":53,"column":null}},"35":{"start":{"line":56,"column":6},"end":{"line":56,"column":null}},"36":{"start":{"line":57,"column":6},"end":{"line":57,"column":null}},"37":{"start":{"line":61,"column":23},"end":{"line":71,"column":null}},"38":{"start":{"line":62,"column":20},"end":{"line":64,"column":null}},"39":{"start":{"line":63,"column":23},"end":{"line":63,"column":66}},"40":{"start":{"line":65,"column":17},"end":{"line":68,"column":null}},"41":{"start":{"line":66,"column":17},"end":{"line":66,"column":null}},"42":{"start":{"line":67,"column":6},"end":{"line":67,"column":null}},"43":{"start":{"line":69,"column":4},"end":{"line":69,"column":null}},"44":{"start":{"line":70,"column":4},"end":{"line":70,"column":null}},"45":{"start":{"line":73,"column":2},"end":{"line":73,"column":null}},"46":{"start":{"line":73,"column":20},"end":{"line":73,"column":39}},"47":{"start":{"line":75,"column":2},"end":{"line":80,"column":null}},"48":{"start":{"line":76,"column":4},"end":{"line":76,"column":null}},"49":{"start":{"line":76,"column":30},"end":{"line":76,"column":null}},"50":{"start":{"line":77,"column":17},"end":{"line":77,"column":null}},"51":{"start":{"line":78,"column":4},"end":{"line":78,"column":null}},"52":{"start":{"line":78,"column":27},"end":{"line":78,"column":78}},"53":{"start":{"line":79,"column":4},"end":{"line":79,"column":null}},"54":{"start":{"line":82,"column":2},"end":{"line":82,"column":null}},"55":{"start":{"line":82,"column":19},"end":{"line":82,"column":46}},"56":{"start":{"line":83,"column":2},"end":{"line":83,"column":null}},"57":{"start":{"line":83,"column":19},"end":{"line":83,"column":50}},"58":{"start":{"line":85,"column":22},"end":{"line":105,"column":null}},"59":{"start":{"line":86,"column":4},"end":{"line":86,"column":null}},"60":{"start":{"line":86,"column":24},"end":{"line":86,"column":null}},"61":{"start":{"line":87,"column":4},"end":{"line":87,"column":null}},"62":{"start":{"line":88,"column":4},"end":{"line":88,"column":null}},"63":{"start":{"line":89,"column":4},"end":{"line":103,"column":null}},"64":{"start":{"line":90,"column":22},"end":{"line":90,"column":null}},"65":{"start":{"line":91,"column":21},"end":{"line":97,"column":null}},"66":{"start":{"line":98,"column":6},"end":{"line":98,"column":null}},"67":{"start":{"line":98,"column":25},"end":{"line":98,"column":42}},"68":{"start":{"line":99,"column":6},"end":{"line":99,"column":null}},"69":{"start":{"line":101,"column":6},"end":{"line":101,"column":null}},"70":{"start":{"line":102,"column":6},"end":{"line":102,"column":null}},"71":{"start":{"line":104,"column":4},"end":{"line":104,"column":null}},"72":{"start":{"line":107,"column":25},"end":{"line":114,"column":null}},"73":{"start":{"line":108,"column":4},"end":{"line":113,"column":null}},"74":{"start":{"line":109,"column":6},"end":{"line":109,"column":null}},"75":{"start":{"line":110,"column":6},"end":{"line":110,"column":null}},"76":{"start":{"line":110,"column":25},"end":{"line":110,"column":54}},"77":{"start":{"line":110,"column":42},"end":{"line":110,"column":53}},"78":{"start":{"line":112,"column":6},"end":{"line":112,"column":null}},"79":{"start":{"line":116,"column":22},"end":{"line":116,"column":null}},"80":{"start":{"line":116,"column":34},"end":{"line":116,"column":null}},"81":{"start":{"line":116,"column":65},"end":{"line":116,"column":76}},"82":{"start":{"line":116,"column":76},"end":{"line":116,"column":153}},"83":{"start":{"line":116,"column":153},"end":{"line":116,"column":162}},"84":{"start":{"line":117,"column":23},"end":{"line":117,"column":null}},"85":{"start":{"line":117,"column":35},"end":{"line":117,"column":null}},"86":{"start":{"line":117,"column":66},"end":{"line":117,"column":77}},"87":{"start":{"line":117,"column":77},"end":{"line":117,"column":140}},"88":{"start":{"line":117,"column":140},"end":{"line":117,"column":149}},"89":{"start":{"line":118,"column":22},"end":{"line":118,"column":null}},"90":{"start":{"line":118,"column":34},"end":{"line":118,"column":null}},"91":{"start":{"line":118,"column":65},"end":{"line":118,"column":77}},"92":{"start":{"line":118,"column":77},"end":{"line":118,"column":139}},"93":{"start":{"line":118,"column":139},"end":{"line":118,"column":148}},"94":{"start":{"line":120,"column":23},"end":{"line":120,"column":null}},"95":{"start":{"line":120,"column":47},"end":{"line":120,"column":62}},"96":{"start":{"line":121,"column":18},"end":{"line":121,"column":null}},"97":{"start":{"line":121,"column":40},"end":{"line":121,"column":123}},"98":{"start":{"line":123,"column":2},"end":{"line":241,"column":null}},"99":{"start":{"line":139,"column":29},"end":{"line":139,"column":75}},"100":{"start":{"line":146,"column":20},"end":{"line":146,"column":null}},"101":{"start":{"line":149,"column":51},"end":{"line":149,"column":112}},"102":{"start":{"line":157,"column":16},"end":{"line":165,"column":null}},"103":{"start":{"line":160,"column":72},"end":{"line":160,"column":null}},"104":{"start":{"line":179,"column":31},"end":{"line":179,"column":null}},"105":{"start":{"line":180,"column":31},"end":{"line":180,"column":null}},"106":{"start":{"line":181,"column":18},"end":{"line":206,"column":null}},"107":{"start":{"line":191,"column":86},"end":{"line":191,"column":null}},"108":{"start":{"line":194,"column":87},"end":{"line":194,"column":null}},"109":{"start":{"line":196,"column":49},"end":{"line":196,"column":null}},"110":{"start":{"line":212,"column":33},"end":{"line":212,"column":null}},"111":{"start":{"line":213,"column":34},"end":{"line":213,"column":null}},"112":{"start":{"line":229,"column":76},"end":{"line":229,"column":90}},"113":{"start":{"line":230,"column":73},"end":{"line":230,"column":87}},"114":{"start":{"line":231,"column":71},"end":{"line":231,"column":95}},"115":{"start":{"line":232,"column":73},"end":{"line":232,"column":91}},"116":{"start":{"line":234,"column":12},"end":{"line":237,"column":null}}},"fnMap":{"0":{"name":"loadBudgetAmounts","decl":{"start":{"line":18,"column":9},"end":{"line":18,"column":27}},"loc":{"start":{"line":18,"column":34},"end":{"line":18,"column":null}},"line":18},"1":{"name":"saveBudgetAmounts","decl":{"start":{"line":19,"column":9},"end":{"line":19,"column":27}},"loc":{"start":{"line":19,"column":40},"end":{"line":19,"column":null}},"line":19},"2":{"name":"loadSplits","decl":{"start":{"line":20,"column":9},"end":{"line":20,"column":20}},"loc":{"start":{"line":20,"column":27},"end":{"line":20,"column":null}},"line":20},"3":{"name":"saveSplits","decl":{"start":{"line":21,"column":9},"end":{"line":21,"column":20}},"loc":{"start":{"line":21,"column":30},"end":{"line":21,"column":null}},"line":21},"4":{"name":"loadPaycheck","decl":{"start":{"line":22,"column":9},"end":{"line":22,"column":22}},"loc":{"start":{"line":22,"column":29},"end":{"line":22,"column":null}},"line":22},"5":{"name":"savePaycheck","decl":{"start":{"line":23,"column":9},"end":{"line":23,"column":22}},"loc":{"start":{"line":23,"column":32},"end":{"line":23,"column":null}},"line":23},"6":{"name":"Budget","decl":{"start":{"line":25,"column":24},"end":{"line":25,"column":33}},"loc":{"start":{"line":25,"column":33},"end":{"line":243,"column":null}},"line":25},"7":{"name":"(anonymous_7)","decl":{"start":{"line":28,"column":43},"end":{"line":28,"column":49}},"loc":{"start":{"line":28,"column":49},"end":{"line":28,"column":69}},"line":28},"8":{"name":"(anonymous_8)","decl":{"start":{"line":29,"column":39},"end":{"line":29,"column":45}},"loc":{"start":{"line":29,"column":45},"end":{"line":29,"column":81}},"line":29},"9":{"name":"(anonymous_9)","decl":{"start":{"line":36,"column":38},"end":{"line":36,"column":50}},"loc":{"start":{"line":36,"column":50},"end":{"line":59,"column":5}},"line":36},"10":{"name":"(anonymous_10)","decl":{"start":{"line":45,"column":30},"end":{"line":45,"column":31}},"loc":{"start":{"line":45,"column":43},"end":{"line":51,"column":10}},"line":45},"11":{"name":"(anonymous_11)","decl":{"start":{"line":61,"column":23},"end":{"line":61,"column":35}},"loc":{"start":{"line":61,"column":35},"end":{"line":71,"column":null}},"line":61},"12":{"name":"(anonymous_12)","decl":{"start":{"line":63,"column":23},"end":{"line":63,"column":31}},"loc":{"start":{"line":63,"column":23},"end":{"line":63,"column":66}},"line":63},"13":{"name":"(anonymous_13)","decl":{"start":{"line":65,"column":29},"end":{"line":65,"column":30}},"loc":{"start":{"line":65,"column":39},"end":{"line":68,"column":5}},"line":65},"14":{"name":"(anonymous_14)","decl":{"start":{"line":73,"column":12},"end":{"line":73,"column":18}},"loc":{"start":{"line":73,"column":18},"end":{"line":73,"column":42}},"line":73},"15":{"name":"(anonymous_15)","decl":{"start":{"line":75,"column":12},"end":{"line":75,"column":18}},"loc":{"start":{"line":75,"column":18},"end":{"line":80,"column":5}},"line":75},"16":{"name":"(anonymous_16)","decl":{"start":{"line":78,"column":20},"end":{"line":78,"column":25}},"loc":{"start":{"line":78,"column":25},"end":{"line":78,"column":79}},"line":78},"17":{"name":"(anonymous_17)","decl":{"start":{"line":82,"column":12},"end":{"line":82,"column":18}},"loc":{"start":{"line":82,"column":18},"end":{"line":82,"column":49}},"line":82},"18":{"name":"(anonymous_18)","decl":{"start":{"line":83,"column":12},"end":{"line":83,"column":18}},"loc":{"start":{"line":83,"column":18},"end":{"line":83,"column":53}},"line":83},"19":{"name":"(anonymous_19)","decl":{"start":{"line":85,"column":22},"end":{"line":85,"column":34}},"loc":{"start":{"line":85,"column":34},"end":{"line":105,"column":null}},"line":85},"20":{"name":"(anonymous_20)","decl":{"start":{"line":98,"column":17},"end":{"line":98,"column":25}},"loc":{"start":{"line":98,"column":25},"end":{"line":98,"column":42}},"line":98},"21":{"name":"(anonymous_21)","decl":{"start":{"line":107,"column":25},"end":{"line":107,"column":32}},"loc":{"start":{"line":107,"column":39},"end":{"line":114,"column":null}},"line":107},"22":{"name":"(anonymous_22)","decl":{"start":{"line":110,"column":17},"end":{"line":110,"column":25}},"loc":{"start":{"line":110,"column":25},"end":{"line":110,"column":54}},"line":110},"23":{"name":"(anonymous_23)","decl":{"start":{"line":110,"column":37},"end":{"line":110,"column":42}},"loc":{"start":{"line":110,"column":42},"end":{"line":110,"column":53}},"line":110},"24":{"name":"(anonymous_24)","decl":{"start":{"line":116,"column":22},"end":{"line":116,"column":23}},"loc":{"start":{"line":116,"column":34},"end":{"line":116,"column":null}},"line":116},"25":{"name":"(anonymous_25)","decl":{"start":{"line":116,"column":44},"end":{"line":116,"column":53}},"loc":{"start":{"line":116,"column":53},"end":{"line":116,"column":163}},"line":116},"26":{"name":"(anonymous_26)","decl":{"start":{"line":117,"column":23},"end":{"line":117,"column":24}},"loc":{"start":{"line":117,"column":35},"end":{"line":117,"column":null}},"line":117},"27":{"name":"(anonymous_27)","decl":{"start":{"line":117,"column":46},"end":{"line":117,"column":54}},"loc":{"start":{"line":117,"column":54},"end":{"line":117,"column":150}},"line":117},"28":{"name":"(anonymous_28)","decl":{"start":{"line":118,"column":22},"end":{"line":118,"column":23}},"loc":{"start":{"line":118,"column":34},"end":{"line":118,"column":null}},"line":118},"29":{"name":"(anonymous_29)","decl":{"start":{"line":118,"column":45},"end":{"line":118,"column":53}},"loc":{"start":{"line":118,"column":53},"end":{"line":118,"column":149}},"line":118},"30":{"name":"(anonymous_30)","decl":{"start":{"line":120,"column":37},"end":{"line":120,"column":38}},"loc":{"start":{"line":120,"column":47},"end":{"line":120,"column":62}},"line":120},"31":{"name":"(anonymous_31)","decl":{"start":{"line":121,"column":29},"end":{"line":121,"column":30}},"loc":{"start":{"line":121,"column":40},"end":{"line":121,"column":123}},"line":121},"32":{"name":"(anonymous_32)","decl":{"start":{"line":139,"column":24},"end":{"line":139,"column":29}},"loc":{"start":{"line":139,"column":29},"end":{"line":139,"column":75}},"line":139},"33":{"name":"(anonymous_33)","decl":{"start":{"line":145,"column":31},"end":{"line":145,"column":32}},"loc":{"start":{"line":146,"column":20},"end":{"line":146,"column":null}},"line":146},"34":{"name":"(anonymous_34)","decl":{"start":{"line":149,"column":36},"end":{"line":149,"column":37}},"loc":{"start":{"line":149,"column":51},"end":{"line":149,"column":112}},"line":149},"35":{"name":"(anonymous_35)","decl":{"start":{"line":156,"column":26},"end":{"line":156,"column":27}},"loc":{"start":{"line":157,"column":16},"end":{"line":165,"column":null}},"line":157},"36":{"name":"(anonymous_36)","decl":{"start":{"line":160,"column":67},"end":{"line":160,"column":72}},"loc":{"start":{"line":160,"column":72},"end":{"line":160,"column":null}},"line":160},"37":{"name":"(anonymous_37)","decl":{"start":{"line":178,"column":29},"end":{"line":178,"column":30}},"loc":{"start":{"line":178,"column":39},"end":{"line":208,"column":17}},"line":178},"38":{"name":"(anonymous_38)","decl":{"start":{"line":191,"column":81},"end":{"line":191,"column":86}},"loc":{"start":{"line":191,"column":86},"end":{"line":191,"column":null}},"line":191},"39":{"name":"(anonymous_39)","decl":{"start":{"line":194,"column":82},"end":{"line":194,"column":87}},"loc":{"start":{"line":194,"column":87},"end":{"line":194,"column":null}},"line":194},"40":{"name":"(anonymous_40)","decl":{"start":{"line":196,"column":43},"end":{"line":196,"column":49}},"loc":{"start":{"line":196,"column":49},"end":{"line":196,"column":null}},"line":196},"41":{"name":"(anonymous_41)","decl":{"start":{"line":212,"column":28},"end":{"line":212,"column":33}},"loc":{"start":{"line":212,"column":33},"end":{"line":212,"column":null}},"line":212},"42":{"name":"(anonymous_42)","decl":{"start":{"line":213,"column":29},"end":{"line":213,"column":34}},"loc":{"start":{"line":213,"column":34},"end":{"line":213,"column":null}},"line":213},"43":{"name":"(anonymous_43)","decl":{"start":{"line":229,"column":66},"end":{"line":229,"column":67}},"loc":{"start":{"line":229,"column":76},"end":{"line":229,"column":90}},"line":229},"44":{"name":"(anonymous_44)","decl":{"start":{"line":230,"column":63},"end":{"line":230,"column":64}},"loc":{"start":{"line":230,"column":73},"end":{"line":230,"column":87}},"line":230},"45":{"name":"(anonymous_45)","decl":{"start":{"line":231,"column":61},"end":{"line":231,"column":62}},"loc":{"start":{"line":231,"column":71},"end":{"line":231,"column":95}},"line":231},"46":{"name":"(anonymous_46)","decl":{"start":{"line":232,"column":68},"end":{"line":232,"column":73}},"loc":{"start":{"line":232,"column":73},"end":{"line":232,"column":91}},"line":232},"47":{"name":"(anonymous_47)","decl":{"start":{"line":233,"column":16},"end":{"line":233,"column":17}},"loc":{"start":{"line":234,"column":12},"end":{"line":237,"column":null}},"line":234}},"branchMap":{"0":{"loc":{"start":{"line":18,"column":49},"end":{"line":18,"column":116}},"type":"binary-expr","locations":[{"start":{"line":18,"column":49},"end":{"line":18,"column":112}},{"start":{"line":18,"column":112},"end":{"line":18,"column":116}}],"line":18},"1":{"loc":{"start":{"line":20,"column":42},"end":{"line":20,"column":104}},"type":"binary-expr","locations":[{"start":{"line":20,"column":42},"end":{"line":20,"column":98}},{"start":{"line":20,"column":98},"end":{"line":20,"column":104}}],"line":20},"2":{"loc":{"start":{"line":22,"column":49},"end":{"line":22,"column":100}},"type":"binary-expr","locations":[{"start":{"line":22,"column":49},"end":{"line":22,"column":95}},{"start":{"line":22,"column":95},"end":{"line":22,"column":100}}],"line":22},"3":{"loc":{"start":{"line":29,"column":45},"end":{"line":29,"column":81}},"type":"binary-expr","locations":[{"start":{"line":29,"column":45},"end":{"line":29,"column":67}},{"start":{"line":29,"column":67},"end":{"line":29,"column":81}}],"line":29},"4":{"loc":{"start":{"line":42,"column":6},"end":{"line":54,"column":null}},"type":"if","locations":[{"start":{"line":42,"column":6},"end":{"line":54,"column":null}},{"start":{"line":44,"column":13},"end":{"line":54,"column":null}}],"line":42},"5":{"loc":{"start":{"line":48,"column":18},"end":{"line":48,"column":null}},"type":"binary-expr","locations":[{"start":{"line":48,"column":18},"end":{"line":48,"column":51}},{"start":{"line":48,"column":51},"end":{"line":48,"column":null}}],"line":48},"6":{"loc":{"start":{"line":49,"column":17},"end":{"line":49,"column":null}},"type":"binary-expr","locations":[{"start":{"line":49,"column":17},"end":{"line":49,"column":50}},{"start":{"line":49,"column":50},"end":{"line":49,"column":null}}],"line":49},"7":{"loc":{"start":{"line":66,"column":17},"end":{"line":66,"column":null}},"type":"cond-expr","locations":[{"start":{"line":66,"column":55},"end":{"line":66,"column":77}},{"start":{"line":66,"column":77},"end":{"line":66,"column":null}}],"line":66},"8":{"loc":{"start":{"line":66,"column":17},"end":{"line":66,"column":55}},"type":"binary-expr","locations":[{"start":{"line":66,"column":17},"end":{"line":66,"column":45}},{"start":{"line":66,"column":45},"end":{"line":66,"column":55}}],"line":66},"9":{"loc":{"start":{"line":76,"column":4},"end":{"line":76,"column":null}},"type":"if","locations":[{"start":{"line":76,"column":4},"end":{"line":76,"column":null}},{"start":{},"end":{}}],"line":76},"10":{"loc":{"start":{"line":86,"column":4},"end":{"line":86,"column":null}},"type":"if","locations":[{"start":{"line":86,"column":4},"end":{"line":86,"column":null}},{"start":{},"end":{}}],"line":86},"11":{"loc":{"start":{"line":116,"column":129},"end":{"line":116,"column":147}},"type":"binary-expr","locations":[{"start":{"line":116,"column":129},"end":{"line":116,"column":146}},{"start":{"line":116,"column":146},"end":{"line":116,"column":147}}],"line":116},"12":{"loc":{"start":{"line":117,"column":115},"end":{"line":117,"column":135}},"type":"binary-expr","locations":[{"start":{"line":117,"column":115},"end":{"line":117,"column":134}},{"start":{"line":117,"column":134},"end":{"line":117,"column":135}}],"line":117},"13":{"loc":{"start":{"line":118,"column":114},"end":{"line":118,"column":134}},"type":"binary-expr","locations":[{"start":{"line":118,"column":114},"end":{"line":118,"column":133}},{"start":{"line":118,"column":133},"end":{"line":118,"column":134}}],"line":118},"14":{"loc":{"start":{"line":130,"column":7},"end":{"line":130,"column":null}},"type":"binary-expr","locations":[{"start":{"line":130,"column":7},"end":{"line":130,"column":16}},{"start":{"line":130,"column":16},"end":{"line":130,"column":null}}],"line":130},"15":{"loc":{"start":{"line":139,"column":41},"end":{"line":139,"column":72}},"type":"binary-expr","locations":[{"start":{"line":139,"column":41},"end":{"line":139,"column":71}},{"start":{"line":139,"column":71},"end":{"line":139,"column":72}}],"line":139},"16":{"loc":{"start":{"line":153,"column":49},"end":{"line":153,"column":107}},"type":"cond-expr","locations":[{"start":{"line":153,"column":72},"end":{"line":153,"column":90}},{"start":{"line":153,"column":90},"end":{"line":153,"column":107}}],"line":153},"17":{"loc":{"start":{"line":154,"column":43},"end":{"line":154,"column":null}},"type":"binary-expr","locations":[{"start":{"line":154,"column":43},"end":{"line":154,"column":68}},{"start":{"line":154,"column":68},"end":{"line":154,"column":null}}],"line":154},"18":{"loc":{"start":{"line":154,"column":75},"end":{"line":154,"column":116}},"type":"cond-expr","locations":[{"start":{"line":154,"column":96},"end":{"line":154,"column":105}},{"start":{"line":154,"column":105},"end":{"line":154,"column":116}}],"line":154},"19":{"loc":{"start":{"line":173,"column":11},"end":{"line":220,"column":null}},"type":"cond-expr","locations":[{"start":{"line":174,"column":12},"end":{"line":174,"column":null}},{"start":{"line":176,"column":12},"end":{"line":220,"column":null}}],"line":173},"20":{"loc":{"start":{"line":179,"column":31},"end":{"line":179,"column":null}},"type":"cond-expr","locations":[{"start":{"line":179,"column":46},"end":{"line":179,"column":90}},{"start":{"line":179,"column":90},"end":{"line":179,"column":null}}],"line":179},"21":{"loc":{"start":{"line":187,"column":27},"end":{"line":187,"column":null}},"type":"binary-expr","locations":[{"start":{"line":187,"column":27},"end":{"line":187,"column":35}},{"start":{"line":187,"column":35},"end":{"line":187,"column":null}}],"line":187},"22":{"loc":{"start":{"line":203,"column":38},"end":{"line":203,"column":null}},"type":"cond-expr","locations":[{"start":{"line":203,"column":45},"end":{"line":203,"column":63}},{"start":{"line":203,"column":63},"end":{"line":203,"column":null}}],"line":203},"23":{"loc":{"start":{"line":203,"column":63},"end":{"line":203,"column":null}},"type":"cond-expr","locations":[{"start":{"line":203,"column":74},"end":{"line":203,"column":93}},{"start":{"line":203,"column":93},"end":{"line":203,"column":null}}],"line":203},"24":{"loc":{"start":{"line":213,"column":34},"end":{"line":213,"column":null}},"type":"binary-expr","locations":[{"start":{"line":213,"column":34},"end":{"line":213,"column":55}},{"start":{"line":213,"column":55},"end":{"line":213,"column":null}}],"line":213},"25":{"loc":{"start":{"line":217,"column":19},"end":{"line":217,"column":null}},"type":"cond-expr","locations":[{"start":{"line":217,"column":31},"end":{"line":217,"column":39}},{"start":{"line":217,"column":39},"end":{"line":217,"column":null}}],"line":217}},"s":{"0":2,"1":2,"2":2,"3":2,"4":12,"5":12,"6":0,"7":4,"8":12,"9":12,"10":0,"11":12,"12":12,"13":13,"14":18,"15":18,"16":12,"17":18,"18":12,"19":18,"20":18,"21":18,"22":18,"23":18,"24":18,"25":12,"26":12,"27":12,"28":12,"29":12,"30":0,"31":12,"32":36,"33":12,"34":12,"35":0,"36":0,"37":18,"38":0,"39":0,"40":0,"41":0,"42":0,"43":0,"44":0,"45":18,"46":12,"47":18,"48":16,"49":12,"50":4,"51":4,"52":11,"53":4,"54":18,"55":12,"56":18,"57":13,"58":18,"59":0,"60":0,"61":0,"62":0,"63":0,"64":0,"65":0,"66":0,"67":0,"68":0,"69":0,"70":0,"71":0,"72":18,"73":1,"74":1,"75":1,"76":1,"77":3,"78":0,"79":18,"80":0,"81":0,"82":0,"83":0,"84":18,"85":0,"86":0,"87":0,"88":0,"89":18,"90":0,"91":0,"92":0,"93":0,"94":18,"95":90,"96":18,"97":90,"98":18,"99":1,"100":90,"101":0,"102":90,"103":0,"104":11,"105":11,"106":11,"107":0,"108":0,"109":1,"110":0,"111":0,"112":11,"113":11,"114":11,"115":11,"116":72},"f":{"0":12,"1":4,"2":12,"3":12,"4":12,"5":13,"6":18,"7":12,"8":12,"9":12,"10":36,"11":0,"12":0,"13":0,"14":12,"15":16,"16":11,"17":12,"18":13,"19":0,"20":0,"21":1,"22":1,"23":3,"24":0,"25":0,"26":0,"27":0,"28":0,"29":0,"30":90,"31":90,"32":1,"33":90,"34":0,"35":90,"36":0,"37":11,"38":0,"39":0,"40":1,"41":0,"42":0,"43":11,"44":11,"45":11,"46":11,"47":72},"b":{"0":[12,7],"1":[12,1],"2":[12,1],"3":[12,1],"4":[0,12],"5":[36,23],"6":[36,23],"7":[0,0],"8":[0,0],"9":[12,4],"10":[0,0],"11":[0,0],"12":[0,0],"13":[0,0],"14":[18,0],"15":[1,0],"16":[18,0],"17":[18,0],"18":[0,0],"19":[14,4],"20":[11,0],"21":[11,0],"22":[0,11],"23":[0,11],"24":[0,0],"25":[0,4]},"meta":{"lastBranch":26,"lastFunction":48,"lastStatement":117,"seen":{"s:6:21:6:Infinity":0,"s:7:19:7:Infinity":1,"s:9:23:15:Infinity":2,"s:16:21:16:Infinity":3,"f:18:9:18:27":0,"s:18:36:18:139":4,"s:18:42:18:116":5,"b:18:49:18:112:18:112:18:116":0,"s:18:126:18:137":6,"f:19:9:19:27":1,"s:19:42:19:113":7,"f:20:9:20:20":2,"s:20:29:20:132":8,"s:20:35:20:104":9,"b:20:42:20:98:20:98:20:104":1,"s:20:117:20:130":10,"f:21:9:21:20":3,"s:21:32:21:93":11,"f:22:9:22:22":4,"s:22:31:22:103":12,"b:22:49:22:95:22:95:22:100":2,"f:23:9:23:22":5,"s:23:34:23:89":13,"f:25:24:25:33":6,"s:26:15:26:Infinity":14,"s:28:30:28:Infinity":15,"f:28:43:28:49":7,"s:28:49:28:69":16,"s:29:26:29:Infinity":17,"f:29:39:29:45":8,"s:29:45:29:81":18,"b:29:45:29:67:29:67:29:81":3,"s:30:28:30:Infinity":19,"s:31:28:31:Infinity":20,"s:32:24:32:Infinity":21,"s:33:26:33:Infinity":22,"s:34:32:34:Infinity":23,"s:36:8:59:Infinity":24,"f:36:38:36:50":9,"s:37:4:37:Infinity":25,"s:38:4:58:Infinity":26,"s:39:19:39:Infinity":27,"s:40:19:40:Infinity":28,"b:42:6:54:Infinity:44:13:54:Infinity":4,"s:42:6:54:Infinity":29,"s:43:8:43:Infinity":30,"s:45:21:51:Infinity":31,"f:45:30:45:31":10,"s:45:43:51:10":32,"b:48:18:48:51:48:51:48:Infinity":5,"b:49:17:49:50:49:50:49:Infinity":6,"s:52:8:52:Infinity":33,"s:53:8:53:Infinity":34,"s:56:6:56:Infinity":35,"s:57:6:57:Infinity":36,"s:61:23:71:Infinity":37,"f:61:23:61:35":11,"s:62:20:64:Infinity":38,"f:63:23:63:31":12,"s:63:23:63:66":39,"s:65:17:68:Infinity":40,"f:65:29:65:30":13,"s:66:17:66:Infinity":41,"b:66:55:66:77:66:77:66:Infinity":7,"b:66:17:66:45:66:45:66:55":8,"s:67:6:67:Infinity":42,"s:69:4:69:Infinity":43,"s:70:4:70:Infinity":44,"s:73:2:73:Infinity":45,"f:73:12:73:18":14,"s:73:20:73:39":46,"s:75:2:80:Infinity":47,"f:75:12:75:18":15,"b:76:4:76:Infinity:undefined:undefined:undefined:undefined":9,"s:76:4:76:Infinity":48,"s:76:30:76:Infinity":49,"s:77:17:77:Infinity":50,"s:78:4:78:Infinity":51,"f:78:20:78:25":16,"s:78:27:78:78":52,"s:79:4:79:Infinity":53,"s:82:2:82:Infinity":54,"f:82:12:82:18":17,"s:82:19:82:46":55,"s:83:2:83:Infinity":56,"f:83:12:83:18":18,"s:83:19:83:50":57,"s:85:22:105:Infinity":58,"f:85:22:85:34":19,"b:86:4:86:Infinity:undefined:undefined:undefined:undefined":10,"s:86:4:86:Infinity":59,"s:86:24:86:Infinity":60,"s:87:4:87:Infinity":61,"s:88:4:88:Infinity":62,"s:89:4:103:Infinity":63,"s:90:22:90:Infinity":64,"s:91:21:97:Infinity":65,"s:98:6:98:Infinity":66,"f:98:17:98:25":20,"s:98:25:98:42":67,"s:99:6:99:Infinity":68,"s:101:6:101:Infinity":69,"s:102:6:102:Infinity":70,"s:104:4:104:Infinity":71,"s:107:25:114:Infinity":72,"f:107:25:107:32":21,"s:108:4:113:Infinity":73,"s:109:6:109:Infinity":74,"s:110:6:110:Infinity":75,"f:110:17:110:25":22,"s:110:25:110:54":76,"f:110:37:110:42":23,"s:110:42:110:53":77,"s:112:6:112:Infinity":78,"s:116:22:116:Infinity":79,"f:116:22:116:23":24,"s:116:34:116:Infinity":80,"f:116:44:116:53":25,"s:116:65:116:76":81,"s:116:76:116:153":82,"b:116:129:116:146:116:146:116:147":11,"s:116:153:116:162":83,"s:117:23:117:Infinity":84,"f:117:23:117:24":26,"s:117:35:117:Infinity":85,"f:117:46:117:54":27,"s:117:66:117:77":86,"s:117:77:117:140":87,"b:117:115:117:134:117:134:117:135":12,"s:117:140:117:149":88,"s:118:22:118:Infinity":89,"f:118:22:118:23":28,"s:118:34:118:Infinity":90,"f:118:45:118:53":29,"s:118:65:118:77":91,"s:118:77:118:139":92,"b:118:114:118:133:118:133:118:134":13,"s:118:139:118:148":93,"s:120:23:120:Infinity":94,"f:120:37:120:38":30,"s:120:47:120:62":95,"s:121:18:121:Infinity":96,"f:121:29:121:30":31,"s:121:40:121:123":97,"s:123:2:241:Infinity":98,"b:130:7:130:16:130:16:130:Infinity":14,"f:139:24:139:29":32,"s:139:29:139:75":99,"b:139:41:139:71:139:71:139:72":15,"f:145:31:145:32":33,"s:146:20:146:Infinity":100,"f:149:36:149:37":34,"s:149:51:149:112":101,"b:153:72:153:90:153:90:153:107":16,"b:154:43:154:68:154:68:154:Infinity":17,"b:154:96:154:105:154:105:154:116":18,"f:156:26:156:27":35,"s:157:16:165:Infinity":102,"f:160:67:160:72":36,"s:160:72:160:Infinity":103,"b:174:12:174:Infinity:176:12:220:Infinity":19,"f:178:29:178:30":37,"s:179:31:179:Infinity":104,"b:179:46:179:90:179:90:179:Infinity":20,"s:180:31:180:Infinity":105,"s:181:18:206:Infinity":106,"b:187:27:187:35:187:35:187:Infinity":21,"f:191:81:191:86":38,"s:191:86:191:Infinity":107,"f:194:82:194:87":39,"s:194:87:194:Infinity":108,"f:196:43:196:49":40,"s:196:49:196:Infinity":109,"b:203:45:203:63:203:63:203:Infinity":22,"b:203:74:203:93:203:93:203:Infinity":23,"f:212:28:212:33":41,"s:212:33:212:Infinity":110,"f:213:29:213:34":42,"s:213:34:213:Infinity":111,"b:213:34:213:55:213:55:213:Infinity":24,"b:217:31:217:39:217:39:217:Infinity":25,"f:229:66:229:67":43,"s:229:76:229:90":112,"f:230:63:230:64":44,"s:230:73:230:87":113,"f:231:61:231:62":45,"s:231:71:231:95":114,"f:232:68:232:73":46,"s:232:73:232:91":115,"f:233:16:233:17":47,"s:234:12:237:Infinity":116}}}
,"C:\\Users\\Tenzin\\Desktop\\swen732\\SWEN-732-Financial-Tracker\\financial-tracker\\src\\pages\\Dashboard.jsx": {"path":"C:\\Users\\Tenzin\\Desktop\\swen732\\SWEN-732-Financial-Tracker\\financial-tracker\\src\\pages\\Dashboard.jsx","statementMap":{"0":{"start":{"line":13,"column":19},"end":{"line":13,"column":null}},"1":{"start":{"line":15,"column":21},"end":{"line":15,"column":null}},"2":{"start":{"line":15,"column":37},"end":{"line":15,"column":null}},"3":{"start":{"line":18,"column":2},"end":{"line":19,"column":null}},"4":{"start":{"line":18,"column":8},"end":{"line":18,"column":76}},"5":{"start":{"line":19,"column":10},"end":{"line":19,"column":21}},"6":{"start":{"line":23,"column":2},"end":{"line":24,"column":null}},"7":{"start":{"line":23,"column":8},"end":{"line":23,"column":80}},"8":{"start":{"line":24,"column":10},"end":{"line":24,"column":23}},"9":{"start":{"line":28,"column":2},"end":{"line":28,"column":null}},"10":{"start":{"line":32,"column":2},"end":{"line":32,"column":null}},"11":{"start":{"line":35,"column":22},"end":{"line":47,"column":null}},"12":{"start":{"line":36,"column":2},"end":{"line":45,"column":null}},"13":{"start":{"line":37,"column":4},"end":{"line":43,"column":null}},"14":{"start":{"line":46,"column":2},"end":{"line":46,"column":null}},"15":{"start":{"line":50,"column":2},"end":{"line":58,"column":null}},"16":{"start":{"line":63,"column":2},"end":{"line":85,"column":null}},"17":{"start":{"line":70,"column":34},"end":{"line":70,"column":65}},"18":{"start":{"line":77,"column":12},"end":{"line":81,"column":null}},"19":{"start":{"line":90,"column":17},"end":{"line":90,"column":null}},"20":{"start":{"line":92,"column":38},"end":{"line":92,"column":null}},"21":{"start":{"line":93,"column":28},"end":{"line":93,"column":null}},"22":{"start":{"line":94,"column":28},"end":{"line":94,"column":null}},"23":{"start":{"line":94,"column":47},"end":{"line":94,"column":66}},"24":{"start":{"line":95,"column":42},"end":{"line":95,"column":null}},"25":{"start":{"line":96,"column":36},"end":{"line":96,"column":null}},"26":{"start":{"line":98,"column":8},"end":{"line":123,"column":null}},"27":{"start":{"line":99,"column":4},"end":{"line":99,"column":null}},"28":{"start":{"line":100,"column":16},"end":{"line":100,"column":null}},"29":{"start":{"line":101,"column":20},"end":{"line":105,"column":null}},"30":{"start":{"line":103,"column":8},"end":{"line":103,"column":null}},"31":{"start":{"line":103,"column":63},"end":{"line":103,"column":85}},"32":{"start":{"line":106,"column":19},"end":{"line":120,"column":null}},"33":{"start":{"line":108,"column":8},"end":{"line":108,"column":null}},"34":{"start":{"line":108,"column":50},"end":{"line":108,"column":null}},"35":{"start":{"line":109,"column":19},"end":{"line":109,"column":null}},"36":{"start":{"line":110,"column":21},"end":{"line":110,"column":null}},"37":{"start":{"line":111,"column":8},"end":{"line":118,"column":null}},"38":{"start":{"line":121,"column":4},"end":{"line":121,"column":null}},"39":{"start":{"line":122,"column":4},"end":{"line":122,"column":null}},"40":{"start":{"line":125,"column":2},"end":{"line":125,"column":null}},"41":{"start":{"line":125,"column":20},"end":{"line":125,"column":31}},"42":{"start":{"line":127,"column":14},"end":{"line":127,"column":null}},"43":{"start":{"line":128,"column":19},"end":{"line":128,"column":null}},"44":{"start":{"line":129,"column":18},"end":{"line":129,"column":null}},"45":{"start":{"line":131,"column":20},"end":{"line":134,"column":null}},"46":{"start":{"line":132,"column":14},"end":{"line":132,"column":null}},"47":{"start":{"line":133,"column":4},"end":{"line":133,"column":null}},"48":{"start":{"line":136,"column":24},"end":{"line":136,"column":null}},"49":{"start":{"line":136,"column":46},"end":{"line":136,"column":58}},"50":{"start":{"line":136,"column":77},"end":{"line":136,"column":91}},"51":{"start":{"line":137,"column":26},"end":{"line":137,"column":null}},"52":{"start":{"line":137,"column":57},"end":{"line":137,"column":69}},"53":{"start":{"line":137,"column":88},"end":{"line":137,"column":102}},"54":{"start":{"line":138,"column":21},"end":{"line":138,"column":null}},"55":{"start":{"line":139,"column":22},"end":{"line":139,"column":null}},"56":{"start":{"line":141,"column":20},"end":{"line":141,"column":null}},"57":{"start":{"line":142,"column":21},"end":{"line":142,"column":null}},"58":{"start":{"line":142,"column":85},"end":{"line":142,"column":99}},"59":{"start":{"line":142,"column":137},"end":{"line":142,"column":161}},"60":{"start":{"line":144,"column":29},"end":{"line":144,"column":null}},"61":{"start":{"line":146,"column":2},"end":{"line":148,"column":null}},"62":{"start":{"line":146,"column":24},"end":{"line":146,"column":36}},"63":{"start":{"line":147,"column":4},"end":{"line":147,"column":null}},"64":{"start":{"line":150,"column":26},"end":{"line":152,"column":null}},"65":{"start":{"line":150,"column":88},"end":{"line":152,"column":4}},"66":{"start":{"line":154,"column":27},"end":{"line":154,"column":null}},"67":{"start":{"line":156,"column":2},"end":{"line":158,"column":null}},"68":{"start":{"line":156,"column":24},"end":{"line":156,"column":36}},"69":{"start":{"line":157,"column":4},"end":{"line":157,"column":null}},"70":{"start":{"line":160,"column":24},"end":{"line":162,"column":null}},"71":{"start":{"line":160,"column":84},"end":{"line":162,"column":4}},"72":{"start":{"line":165,"column":26},"end":{"line":176,"column":null}},"73":{"start":{"line":166,"column":14},"end":{"line":166,"column":null}},"74":{"start":{"line":167,"column":14},"end":{"line":167,"column":null}},"75":{"start":{"line":168,"column":14},"end":{"line":168,"column":null}},"76":{"start":{"line":169,"column":16},"end":{"line":172,"column":null}},"77":{"start":{"line":170,"column":17},"end":{"line":170,"column":null}},"78":{"start":{"line":171,"column":6},"end":{"line":171,"column":null}},"79":{"start":{"line":173,"column":19},"end":{"line":173,"column":null}},"80":{"start":{"line":173,"column":35},"end":{"line":173,"column":47}},"81":{"start":{"line":173,"column":66},"end":{"line":173,"column":80}},"82":{"start":{"line":174,"column":21},"end":{"line":174,"column":null}},"83":{"start":{"line":174,"column":46},"end":{"line":174,"column":58}},"84":{"start":{"line":174,"column":77},"end":{"line":174,"column":91}},"85":{"start":{"line":175,"column":4},"end":{"line":175,"column":null}},"86":{"start":{"line":178,"column":21},"end":{"line":178,"column":null}},"87":{"start":{"line":180,"column":2},"end":{"line":276,"column":null}},"88":{"start":{"line":196,"column":31},"end":{"line":196,"column":63}},"89":{"start":{"line":198,"column":26},"end":{"line":198,"column":null}},"90":{"start":{"line":199,"column":16},"end":{"line":199,"column":null}},"91":{"start":{"line":200,"column":16},"end":{"line":200,"column":null}},"92":{"start":{"line":201,"column":16},"end":{"line":201,"column":null}},"93":{"start":{"line":203,"column":63},"end":{"line":203,"column":89}},"94":{"start":{"line":212,"column":80},"end":{"line":212,"column":105}},"95":{"start":{"line":212,"column":105},"end":{"line":212,"column":130}},"96":{"start":{"line":224,"column":33},"end":{"line":224,"column":80}},"97":{"start":{"line":259,"column":118},"end":{"line":259,"column":127}},"98":{"start":{"line":260,"column":66},"end":{"line":267,"column":26}},"99":{"start":{"line":264,"column":22},"end":{"line":264,"column":null}}},"fnMap":{"0":{"name":"(anonymous_0)","decl":{"start":{"line":15,"column":21},"end":{"line":15,"column":22}},"loc":{"start":{"line":15,"column":37},"end":{"line":15,"column":null}},"line":15},"1":{"name":"loadIds","decl":{"start":{"line":17,"column":9},"end":{"line":17,"column":17}},"loc":{"start":{"line":17,"column":25},"end":{"line":20,"column":null}},"line":17},"2":{"name":"loadBudgets","decl":{"start":{"line":22,"column":9},"end":{"line":22,"column":21}},"loc":{"start":{"line":22,"column":29},"end":{"line":25,"column":null}},"line":22},"3":{"name":"loadBalance","decl":{"start":{"line":27,"column":9},"end":{"line":27,"column":21}},"loc":{"start":{"line":27,"column":29},"end":{"line":29,"column":null}},"line":27},"4":{"name":"saveBalance","decl":{"start":{"line":31,"column":9},"end":{"line":31,"column":21}},"loc":{"start":{"line":31,"column":34},"end":{"line":33,"column":null}},"line":31},"5":{"name":"(anonymous_5)","decl":{"start":{"line":35,"column":22},"end":{"line":35,"column":23}},"loc":{"start":{"line":35,"column":47},"end":{"line":47,"column":null}},"line":35},"6":{"name":"StatCard","decl":{"start":{"line":49,"column":9},"end":{"line":49,"column":18}},"loc":{"start":{"line":49,"column":58},"end":{"line":60,"column":null}},"line":49},"7":{"name":"PieSection","decl":{"start":{"line":62,"column":9},"end":{"line":62,"column":20}},"loc":{"start":{"line":62,"column":37},"end":{"line":87,"column":null}},"line":62},"8":{"name":"(anonymous_8)","decl":{"start":{"line":70,"column":24},"end":{"line":70,"column":25}},"loc":{"start":{"line":70,"column":34},"end":{"line":70,"column":65}},"line":70},"9":{"name":"(anonymous_9)","decl":{"start":{"line":76,"column":20},"end":{"line":76,"column":21}},"loc":{"start":{"line":77,"column":12},"end":{"line":81,"column":null}},"line":77},"10":{"name":"Dashboard","decl":{"start":{"line":89,"column":24},"end":{"line":89,"column":36}},"loc":{"start":{"line":89,"column":36},"end":{"line":278,"column":null}},"line":89},"11":{"name":"(anonymous_11)","decl":{"start":{"line":94,"column":41},"end":{"line":94,"column":47}},"loc":{"start":{"line":94,"column":47},"end":{"line":94,"column":66}},"line":94},"12":{"name":"(anonymous_12)","decl":{"start":{"line":98,"column":30},"end":{"line":98,"column":42}},"loc":{"start":{"line":98,"column":42},"end":{"line":123,"column":5}},"line":98},"13":{"name":"(anonymous_13)","decl":{"start":{"line":102,"column":14},"end":{"line":102,"column":15}},"loc":{"start":{"line":103,"column":8},"end":{"line":103,"column":null}},"line":103},"14":{"name":"(anonymous_14)","decl":{"start":{"line":103,"column":58},"end":{"line":103,"column":63}},"loc":{"start":{"line":103,"column":63},"end":{"line":103,"column":85}},"line":103},"15":{"name":"(anonymous_15)","decl":{"start":{"line":107,"column":11},"end":{"line":107,"column":12}},"loc":{"start":{"line":107,"column":21},"end":{"line":119,"column":7}},"line":107},"16":{"name":"(anonymous_16)","decl":{"start":{"line":125,"column":12},"end":{"line":125,"column":18}},"loc":{"start":{"line":125,"column":18},"end":{"line":125,"column":34}},"line":125},"17":{"name":"(anonymous_17)","decl":{"start":{"line":131,"column":40},"end":{"line":131,"column":45}},"loc":{"start":{"line":131,"column":45},"end":{"line":134,"column":3}},"line":131},"18":{"name":"(anonymous_18)","decl":{"start":{"line":136,"column":41},"end":{"line":136,"column":46}},"loc":{"start":{"line":136,"column":46},"end":{"line":136,"column":58}},"line":136},"19":{"name":"(anonymous_19)","decl":{"start":{"line":136,"column":67},"end":{"line":136,"column":68}},"loc":{"start":{"line":136,"column":77},"end":{"line":136,"column":91}},"line":136},"20":{"name":"(anonymous_20)","decl":{"start":{"line":137,"column":52},"end":{"line":137,"column":57}},"loc":{"start":{"line":137,"column":57},"end":{"line":137,"column":69}},"line":137},"21":{"name":"(anonymous_21)","decl":{"start":{"line":137,"column":78},"end":{"line":137,"column":79}},"loc":{"start":{"line":137,"column":88},"end":{"line":137,"column":102}},"line":137},"22":{"name":"(anonymous_22)","decl":{"start":{"line":142,"column":54},"end":{"line":142,"column":55}},"loc":{"start":{"line":142,"column":85},"end":{"line":142,"column":99}},"line":142},"23":{"name":"(anonymous_23)","decl":{"start":{"line":142,"column":105},"end":{"line":142,"column":106}},"loc":{"start":{"line":142,"column":137},"end":{"line":142,"column":161}},"line":142},"24":{"name":"(anonymous_24)","decl":{"start":{"line":146,"column":19},"end":{"line":146,"column":24}},"loc":{"start":{"line":146,"column":24},"end":{"line":146,"column":36}},"line":146},"25":{"name":"(anonymous_25)","decl":{"start":{"line":146,"column":46},"end":{"line":146,"column":51}},"loc":{"start":{"line":146,"column":51},"end":{"line":148,"column":3}},"line":146},"26":{"name":"(anonymous_26)","decl":{"start":{"line":150,"column":65},"end":{"line":150,"column":66}},"loc":{"start":{"line":150,"column":88},"end":{"line":152,"column":4}},"line":150},"27":{"name":"(anonymous_27)","decl":{"start":{"line":156,"column":19},"end":{"line":156,"column":24}},"loc":{"start":{"line":156,"column":24},"end":{"line":156,"column":36}},"line":156},"28":{"name":"(anonymous_28)","decl":{"start":{"line":156,"column":46},"end":{"line":156,"column":51}},"loc":{"start":{"line":156,"column":51},"end":{"line":158,"column":3}},"line":156},"29":{"name":"(anonymous_29)","decl":{"start":{"line":160,"column":61},"end":{"line":160,"column":62}},"loc":{"start":{"line":160,"column":84},"end":{"line":162,"column":4}},"line":160},"30":{"name":"(anonymous_30)","decl":{"start":{"line":165,"column":52},"end":{"line":165,"column":53}},"loc":{"start":{"line":165,"column":62},"end":{"line":176,"column":3}},"line":165},"31":{"name":"(anonymous_31)","decl":{"start":{"line":169,"column":36},"end":{"line":169,"column":41}},"loc":{"start":{"line":169,"column":41},"end":{"line":172,"column":5}},"line":169},"32":{"name":"(anonymous_32)","decl":{"start":{"line":173,"column":30},"end":{"line":173,"column":35}},"loc":{"start":{"line":173,"column":35},"end":{"line":173,"column":47}},"line":173},"33":{"name":"(anonymous_33)","decl":{"start":{"line":173,"column":56},"end":{"line":173,"column":57}},"loc":{"start":{"line":173,"column":66},"end":{"line":173,"column":80}},"line":173},"34":{"name":"(anonymous_34)","decl":{"start":{"line":174,"column":41},"end":{"line":174,"column":46}},"loc":{"start":{"line":174,"column":46},"end":{"line":174,"column":58}},"line":174},"35":{"name":"(anonymous_35)","decl":{"start":{"line":174,"column":67},"end":{"line":174,"column":68}},"loc":{"start":{"line":174,"column":77},"end":{"line":174,"column":91}},"line":174},"36":{"name":"(anonymous_36)","decl":{"start":{"line":196,"column":26},"end":{"line":196,"column":31}},"loc":{"start":{"line":196,"column":31},"end":{"line":196,"column":63}},"line":196},"37":{"name":"(anonymous_37)","decl":{"start":{"line":197,"column":59},"end":{"line":197,"column":65}},"loc":{"start":{"line":197,"column":65},"end":{"line":202,"column":17}},"line":197},"38":{"name":"(anonymous_38)","decl":{"start":{"line":203,"column":57},"end":{"line":203,"column":63}},"loc":{"start":{"line":203,"column":63},"end":{"line":203,"column":89}},"line":203},"39":{"name":"(anonymous_39)","decl":{"start":{"line":212,"column":72},"end":{"line":212,"column":78}},"loc":{"start":{"line":212,"column":78},"end":{"line":212,"column":null}},"line":212},"40":{"name":"(anonymous_40)","decl":{"start":{"line":224,"column":28},"end":{"line":224,"column":33}},"loc":{"start":{"line":224,"column":33},"end":{"line":224,"column":80}},"line":224},"41":{"name":"(anonymous_41)","decl":{"start":{"line":259,"column":113},"end":{"line":259,"column":118}},"loc":{"start":{"line":259,"column":118},"end":{"line":259,"column":127}},"line":259},"42":{"name":"(anonymous_42)","decl":{"start":{"line":260,"column":34},"end":{"line":260,"column":35}},"loc":{"start":{"line":260,"column":66},"end":{"line":267,"column":26}},"line":260},"43":{"name":"(anonymous_43)","decl":{"start":{"line":263,"column":33},"end":{"line":263,"column":34}},"loc":{"start":{"line":264,"column":22},"end":{"line":264,"column":null}},"line":264}},"branchMap":{"0":{"loc":{"start":{"line":18,"column":26},"end":{"line":18,"column":73}},"type":"binary-expr","locations":[{"start":{"line":18,"column":26},"end":{"line":18,"column":69}},{"start":{"line":18,"column":69},"end":{"line":18,"column":73}}],"line":18},"1":{"loc":{"start":{"line":23,"column":26},"end":{"line":23,"column":77}},"type":"binary-expr","locations":[{"start":{"line":23,"column":26},"end":{"line":23,"column":71}},{"start":{"line":23,"column":71},"end":{"line":23,"column":77}}],"line":23},"2":{"loc":{"start":{"line":28,"column":20},"end":{"line":28,"column":68}},"type":"binary-expr","locations":[{"start":{"line":28,"column":20},"end":{"line":28,"column":65}},{"start":{"line":28,"column":65},"end":{"line":28,"column":68}}],"line":28},"3":{"loc":{"start":{"line":36,"column":2},"end":{"line":45,"column":null}},"type":"if","locations":[{"start":{"line":36,"column":2},"end":{"line":45,"column":null}},{"start":{},"end":{}}],"line":36},"4":{"loc":{"start":{"line":36,"column":6},"end":{"line":36,"column":43}},"type":"binary-expr","locations":[{"start":{"line":36,"column":6},"end":{"line":36,"column":16}},{"start":{"line":36,"column":16},"end":{"line":36,"column":27}},{"start":{"line":36,"column":27},"end":{"line":36,"column":43}}],"line":36},"5":{"loc":{"start":{"line":40,"column":55},"end":{"line":40,"column":92}},"type":"binary-expr","locations":[{"start":{"line":40,"column":55},"end":{"line":40,"column":83}},{"start":{"line":40,"column":83},"end":{"line":40,"column":92}}],"line":40},"6":{"loc":{"start":{"line":103,"column":63},"end":{"line":103,"column":85}},"type":"cond-expr","locations":[{"start":{"line":103,"column":70},"end":{"line":103,"column":81}},{"start":{"line":103,"column":81},"end":{"line":103,"column":85}}],"line":103},"7":{"loc":{"start":{"line":108,"column":8},"end":{"line":108,"column":null}},"type":"if","locations":[{"start":{"line":108,"column":8},"end":{"line":108,"column":null}},{"start":{},"end":{}}],"line":108},"8":{"loc":{"start":{"line":108,"column":12},"end":{"line":108,"column":50}},"type":"binary-expr","locations":[{"start":{"line":108,"column":12},"end":{"line":108,"column":40}},{"start":{"line":108,"column":40},"end":{"line":108,"column":50}}],"line":108},"9":{"loc":{"start":{"line":116,"column":20},"end":{"line":116,"column":null}},"type":"binary-expr","locations":[{"start":{"line":116,"column":20},"end":{"line":116,"column":37}},{"start":{"line":116,"column":37},"end":{"line":116,"column":null}}],"line":116},"10":{"loc":{"start":{"line":117,"column":16},"end":{"line":117,"column":null}},"type":"cond-expr","locations":[{"start":{"line":117,"column":33},"end":{"line":117,"column":44}},{"start":{"line":117,"column":44},"end":{"line":117,"column":null}}],"line":117},"11":{"loc":{"start":{"line":133,"column":11},"end":{"line":133,"column":null}},"type":"binary-expr","locations":[{"start":{"line":133,"column":11},"end":{"line":133,"column":40}},{"start":{"line":133,"column":40},"end":{"line":133,"column":null}}],"line":133},"12":{"loc":{"start":{"line":139,"column":22},"end":{"line":139,"column":null}},"type":"cond-expr","locations":[{"start":{"line":139,"column":42},"end":{"line":139,"column":91}},{"start":{"line":139,"column":91},"end":{"line":139,"column":null}}],"line":139},"13":{"loc":{"start":{"line":141,"column":20},"end":{"line":141,"column":null}},"type":"binary-expr","locations":[{"start":{"line":141,"column":20},"end":{"line":141,"column":43}},{"start":{"line":141,"column":43},"end":{"line":141,"column":null}}],"line":141},"14":{"loc":{"start":{"line":147,"column":38},"end":{"line":147,"column":77}},"type":"binary-expr","locations":[{"start":{"line":147,"column":38},"end":{"line":147,"column":72}},{"start":{"line":147,"column":72},"end":{"line":147,"column":77}}],"line":147},"15":{"loc":{"start":{"line":157,"column":36},"end":{"line":157,"column":73}},"type":"binary-expr","locations":[{"start":{"line":157,"column":36},"end":{"line":157,"column":68}},{"start":{"line":157,"column":68},"end":{"line":157,"column":73}}],"line":157},"16":{"loc":{"start":{"line":171,"column":13},"end":{"line":171,"column":null}},"type":"binary-expr","locations":[{"start":{"line":171,"column":13},"end":{"line":171,"column":36}},{"start":{"line":171,"column":36},"end":{"line":171,"column":null}}],"line":171},"17":{"loc":{"start":{"line":192,"column":11},"end":{"line":208,"column":null}},"type":"cond-expr","locations":[{"start":{"line":193,"column":12},"end":{"line":204,"column":null}},{"start":{"line":206,"column":12},"end":{"line":208,"column":null}}],"line":192},"18":{"loc":{"start":{"line":211,"column":9},"end":{"line":215,"column":null}},"type":"binary-expr","locations":[{"start":{"line":211,"column":9},"end":{"line":211,"column":null}},{"start":{"line":212,"column":10},"end":{"line":215,"column":null}}],"line":211},"19":{"loc":{"start":{"line":219,"column":7},"end":{"line":226,"column":null}},"type":"binary-expr","locations":[{"start":{"line":219,"column":7},"end":{"line":219,"column":null}},{"start":{"line":220,"column":8},"end":{"line":226,"column":null}}],"line":219},"20":{"loc":{"start":{"line":229,"column":7},"end":{"line":274,"column":null}},"type":"cond-expr","locations":[{"start":{"line":230,"column":8},"end":{"line":230,"column":null}},{"start":{"line":232,"column":8},"end":{"line":274,"column":null}}],"line":229},"21":{"loc":{"start":{"line":238,"column":10},"end":{"line":250,"column":null}},"type":"binary-expr","locations":[{"start":{"line":240,"column":12},"end":{"line":240,"column":42}},{"start":{"line":240,"column":42},"end":{"line":240,"column":null}},{"start":{"line":241,"column":12},"end":{"line":250,"column":null}}],"line":238},"22":{"loc":{"start":{"line":242,"column":15},"end":{"line":244,"column":null}},"type":"cond-expr","locations":[{"start":{"line":243,"column":18},"end":{"line":243,"column":null}},{"start":{"line":244,"column":18},"end":{"line":244,"column":null}}],"line":242},"23":{"loc":{"start":{"line":246,"column":15},"end":{"line":248,"column":null}},"type":"cond-expr","locations":[{"start":{"line":247,"column":18},"end":{"line":247,"column":null}},{"start":{"line":248,"column":18},"end":{"line":248,"column":null}}],"line":246},"24":{"loc":{"start":{"line":260,"column":66},"end":{"line":267,"column":26}},"type":"cond-expr","locations":[{"start":{"line":261,"column":18},"end":{"line":266,"column":null}},{"start":{"line":267,"column":20},"end":{"line":267,"column":26}}],"line":260},"25":{"loc":{"start":{"line":260,"column":66},"end":{"line":260,"column":null}},"type":"binary-expr","locations":[{"start":{"line":260,"column":66},"end":{"line":260,"column":76}},{"start":{"line":260,"column":76},"end":{"line":260,"column":null}}],"line":260}},"s":{"0":2,"1":2,"2":154,"3":12,"4":12,"5":0,"6":22,"7":22,"8":0,"9":12,"10":1,"11":2,"12":0,"13":0,"14":0,"15":4,"16":0,"17":0,"18":0,"19":22,"20":22,"21":22,"22":22,"23":12,"24":22,"25":22,"26":22,"27":12,"28":12,"29":12,"30":0,"31":0,"32":12,"33":0,"34":0,"35":0,"36":0,"37":0,"38":12,"39":12,"40":22,"41":12,"42":22,"43":22,"44":22,"45":22,"46":0,"47":0,"48":22,"49":0,"50":0,"51":22,"52":0,"53":0,"54":22,"55":22,"56":22,"57":22,"58":0,"59":0,"60":22,"61":22,"62":0,"63":0,"64":22,"65":0,"66":22,"67":22,"68":0,"69":0,"70":22,"71":0,"72":22,"73":132,"74":132,"75":132,"76":132,"77":0,"78":0,"79":132,"80":0,"81":0,"82":132,"83":0,"84":0,"85":132,"86":22,"87":22,"88":1,"89":1,"90":1,"91":1,"92":1,"93":1,"94":3,"95":3,"96":0,"97":0,"98":0,"99":0},"f":{"0":154,"1":12,"2":22,"3":12,"4":1,"5":0,"6":4,"7":0,"8":0,"9":0,"10":22,"11":12,"12":12,"13":0,"14":0,"15":0,"16":12,"17":0,"18":0,"19":0,"20":0,"21":0,"22":0,"23":0,"24":0,"25":0,"26":0,"27":0,"28":0,"29":0,"30":132,"31":0,"32":0,"33":0,"34":0,"35":0,"36":1,"37":1,"38":1,"39":3,"40":0,"41":0,"42":0,"43":0},"b":{"0":[12,12],"1":[22,22],"2":[12,12],"3":[0,0],"4":[0,0,0],"5":[0,0],"6":[0,0],"7":[0,0],"8":[0,0],"9":[0,0],"10":[0,0],"11":[0,0],"12":[0,22],"13":[22,22],"14":[0,0],"15":[0,0],"16":[0,0],"17":[7,15],"18":[22,15],"19":[22,0],"20":[21,1],"21":[1,1,0],"22":[0,0],"23":[0,0],"24":[0,0],"25":[0,0]},"meta":{"lastBranch":26,"lastFunction":44,"lastStatement":100,"seen":{"s:13:19:13:Infinity":0,"s:15:21:15:Infinity":1,"f:15:21:15:22":0,"s:15:37:15:Infinity":2,"f:17:9:17:17":1,"s:18:2:19:Infinity":3,"s:18:8:18:76":4,"b:18:26:18:69:18:69:18:73":0,"s:19:10:19:21":5,"f:22:9:22:21":2,"s:23:2:24:Infinity":6,"s:23:8:23:80":7,"b:23:26:23:71:23:71:23:77":1,"s:24:10:24:23":8,"f:27:9:27:21":3,"s:28:2:28:Infinity":9,"b:28:20:28:65:28:65:28:68":2,"f:31:9:31:21":4,"s:32:2:32:Infinity":10,"s:35:22:47:Infinity":11,"f:35:22:35:23":5,"b:36:2:45:Infinity:undefined:undefined:undefined:undefined":3,"s:36:2:45:Infinity":12,"b:36:6:36:16:36:16:36:27:36:27:36:43":4,"s:37:4:43:Infinity":13,"b:40:55:40:83:40:83:40:92":5,"s:46:2:46:Infinity":14,"f:49:9:49:18":6,"s:50:2:58:Infinity":15,"f:62:9:62:20":7,"s:63:2:85:Infinity":16,"f:70:24:70:25":8,"s:70:34:70:65":17,"f:76:20:76:21":9,"s:77:12:81:Infinity":18,"f:89:24:89:36":10,"s:90:17:90:Infinity":19,"s:92:38:92:Infinity":20,"s:93:28:93:Infinity":21,"s:94:28:94:Infinity":22,"f:94:41:94:47":11,"s:94:47:94:66":23,"s:95:42:95:Infinity":24,"s:96:36:96:Infinity":25,"s:98:8:123:Infinity":26,"f:98:30:98:42":12,"s:99:4:99:Infinity":27,"s:100:16:100:Infinity":28,"s:101:20:105:Infinity":29,"f:102:14:102:15":13,"s:103:8:103:Infinity":30,"f:103:58:103:63":14,"s:103:63:103:85":31,"b:103:70:103:81:103:81:103:85":6,"s:106:19:120:Infinity":32,"f:107:11:107:12":15,"b:108:8:108:Infinity:undefined:undefined:undefined:undefined":7,"s:108:8:108:Infinity":33,"b:108:12:108:40:108:40:108:50":8,"s:108:50:108:Infinity":34,"s:109:19:109:Infinity":35,"s:110:21:110:Infinity":36,"s:111:8:118:Infinity":37,"b:116:20:116:37:116:37:116:Infinity":9,"b:117:33:117:44:117:44:117:Infinity":10,"s:121:4:121:Infinity":38,"s:122:4:122:Infinity":39,"s:125:2:125:Infinity":40,"f:125:12:125:18":16,"s:125:20:125:31":41,"s:127:14:127:Infinity":42,"s:128:19:128:Infinity":43,"s:129:18:129:Infinity":44,"s:131:20:134:Infinity":45,"f:131:40:131:45":17,"s:132:14:132:Infinity":46,"s:133:4:133:Infinity":47,"b:133:11:133:40:133:40:133:Infinity":11,"s:136:24:136:Infinity":48,"f:136:41:136:46":18,"s:136:46:136:58":49,"f:136:67:136:68":19,"s:136:77:136:91":50,"s:137:26:137:Infinity":51,"f:137:52:137:57":20,"s:137:57:137:69":52,"f:137:78:137:79":21,"s:137:88:137:102":53,"s:138:21:138:Infinity":54,"s:139:22:139:Infinity":55,"b:139:42:139:91:139:91:139:Infinity":12,"s:141:20:141:Infinity":56,"b:141:20:141:43:141:43:141:Infinity":13,"s:142:21:142:Infinity":57,"f:142:54:142:55":22,"s:142:85:142:99":58,"f:142:105:142:106":23,"s:142:137:142:161":59,"s:144:29:144:Infinity":60,"s:146:2:148:Infinity":61,"f:146:19:146:24":24,"s:146:24:146:36":62,"f:146:46:146:51":25,"s:147:4:147:Infinity":63,"b:147:38:147:72:147:72:147:77":14,"s:150:26:152:Infinity":64,"f:150:65:150:66":26,"s:150:88:152:4":65,"s:154:27:154:Infinity":66,"s:156:2:158:Infinity":67,"f:156:19:156:24":27,"s:156:24:156:36":68,"f:156:46:156:51":28,"s:157:4:157:Infinity":69,"b:157:36:157:68:157:68:157:73":15,"s:160:24:162:Infinity":70,"f:160:61:160:62":29,"s:160:84:162:4":71,"s:165:26:176:Infinity":72,"f:165:52:165:53":30,"s:166:14:166:Infinity":73,"s:167:14:167:Infinity":74,"s:168:14:168:Infinity":75,"s:169:16:172:Infinity":76,"f:169:36:169:41":31,"s:170:17:170:Infinity":77,"s:171:6:171:Infinity":78,"b:171:13:171:36:171:36:171:Infinity":16,"s:173:19:173:Infinity":79,"f:173:30:173:35":32,"s:173:35:173:47":80,"f:173:56:173:57":33,"s:173:66:173:80":81,"s:174:21:174:Infinity":82,"f:174:41:174:46":34,"s:174:46:174:58":83,"f:174:67:174:68":35,"s:174:77:174:91":84,"s:175:4:175:Infinity":85,"s:178:21:178:Infinity":86,"s:180:2:276:Infinity":87,"b:193:12:204:Infinity:206:12:208:Infinity":17,"f:196:26:196:31":36,"s:196:31:196:63":88,"f:197:59:197:65":37,"s:198:26:198:Infinity":89,"s:199:16:199:Infinity":90,"s:200:16:200:Infinity":91,"s:201:16:201:Infinity":92,"f:203:57:203:63":38,"s:203:63:203:89":93,"b:211:9:211:Infinity:212:10:215:Infinity":18,"f:212:72:212:78":39,"s:212:80:212:105":94,"s:212:105:212:130":95,"b:219:7:219:Infinity:220:8:226:Infinity":19,"f:224:28:224:33":40,"s:224:33:224:80":96,"b:230:8:230:Infinity:232:8:274:Infinity":20,"b:240:12:240:42:240:42:240:Infinity:241:12:250:Infinity":21,"b:243:18:243:Infinity:244:18:244:Infinity":22,"b:247:18:247:Infinity:248:18:248:Infinity":23,"f:259:113:259:118":41,"s:259:118:259:127":97,"f:260:34:260:35":42,"s:260:66:267:26":98,"b:261:18:266:Infinity:267:20:267:26":24,"b:260:66:260:76:260:76:260:Infinity":25,"f:263:33:263:34":43,"s:264:22:264:Infinity":99}}}
,"C:\\Users\\Tenzin\\Desktop\\swen732\\SWEN-732-Financial-Tracker\\financial-tracker\\src\\pages\\Goals.jsx": {"path":"C:\\Users\\Tenzin\\Desktop\\swen732\\SWEN-732-Financial-Tracker\\financial-tracker\\src\\pages\\Goals.jsx","statementMap":{"0":{"start":{"line":5,"column":15},"end":{"line":5,"column":null}},"1":{"start":{"line":6,"column":14},"end":{"line":6,"column":null}},"2":{"start":{"line":8,"column":29},"end":{"line":8,"column":127}},"3":{"start":{"line":8,"column":35},"end":{"line":8,"column":105}},"4":{"start":{"line":8,"column":115},"end":{"line":8,"column":126}},"5":{"start":{"line":9,"column":35},"end":{"line":9,"column":101}},"6":{"start":{"line":12,"column":17},"end":{"line":12,"column":null}},"7":{"start":{"line":14,"column":24},"end":{"line":14,"column":null}},"8":{"start":{"line":15,"column":28},"end":{"line":15,"column":null}},"9":{"start":{"line":16,"column":24},"end":{"line":16,"column":null}},"10":{"start":{"line":17,"column":26},"end":{"line":17,"column":null}},"11":{"start":{"line":18,"column":28},"end":{"line":18,"column":null}},"12":{"start":{"line":19,"column":22},"end":{"line":21,"column":null}},"13":{"start":{"line":23,"column":34},"end":{"line":23,"column":null}},"14":{"start":{"line":25,"column":8},"end":{"line":44,"column":null}},"15":{"start":{"line":26,"column":4},"end":{"line":26,"column":null}},"16":{"start":{"line":27,"column":4},"end":{"line":42,"column":null}},"17":{"start":{"line":28,"column":19},"end":{"line":28,"column":null}},"18":{"start":{"line":29,"column":19},"end":{"line":29,"column":null}},"19":{"start":{"line":30,"column":21},"end":{"line":38,"column":null}},"20":{"start":{"line":30,"column":36},"end":{"line":38,"column":8}},"21":{"start":{"line":39,"column":6},"end":{"line":39,"column":null}},"22":{"start":{"line":41,"column":6},"end":{"line":41,"column":null}},"23":{"start":{"line":43,"column":4},"end":{"line":43,"column":null}},"24":{"start":{"line":46,"column":2},"end":{"line":46,"column":null}},"25":{"start":{"line":46,"column":20},"end":{"line":46,"column":32}},"26":{"start":{"line":48,"column":18},"end":{"line":92,"column":null}},"27":{"start":{"line":49,"column":4},"end":{"line":49,"column":null}},"28":{"start":{"line":49,"column":36},"end":{"line":49,"column":null}},"29":{"start":{"line":50,"column":4},"end":{"line":50,"column":null}},"30":{"start":{"line":51,"column":4},"end":{"line":51,"column":null}},"31":{"start":{"line":52,"column":4},"end":{"line":90,"column":null}},"32":{"start":{"line":53,"column":12},"end":{"line":53,"column":null}},"33":{"start":{"line":54,"column":23},"end":{"line":54,"column":null}},"34":{"start":{"line":56,"column":18},"end":{"line":66,"column":null}},"35":{"start":{"line":67,"column":6},"end":{"line":67,"column":null}},"36":{"start":{"line":67,"column":19},"end":{"line":67,"column":null}},"37":{"start":{"line":69,"column":22},"end":{"line":69,"column":null}},"38":{"start":{"line":70,"column":17},"end":{"line":70,"column":null}},"39":{"start":{"line":72,"column":19},"end":{"line":72,"column":null}},"40":{"start":{"line":73,"column":6},"end":{"line":73,"column":null}},"41":{"start":{"line":74,"column":6},"end":{"line":74,"column":null}},"42":{"start":{"line":76,"column":6},"end":{"line":84,"column":null}},"43":{"start":{"line":76,"column":23},"end":{"line":84,"column":8}},"44":{"start":{"line":85,"column":6},"end":{"line":85,"column":null}},"45":{"start":{"line":86,"column":6},"end":{"line":86,"column":null}},"46":{"start":{"line":88,"column":6},"end":{"line":88,"column":null}},"47":{"start":{"line":89,"column":6},"end":{"line":89,"column":null}},"48":{"start":{"line":91,"column":4},"end":{"line":91,"column":null}},"49":{"start":{"line":94,"column":21},"end":{"line":104,"column":null}},"50":{"start":{"line":95,"column":4},"end":{"line":103,"column":null}},"51":{"start":{"line":96,"column":6},"end":{"line":96,"column":null}},"52":{"start":{"line":97,"column":19},"end":{"line":97,"column":null}},"53":{"start":{"line":98,"column":6},"end":{"line":98,"column":null}},"54":{"start":{"line":99,"column":6},"end":{"line":99,"column":null}},"55":{"start":{"line":100,"column":6},"end":{"line":100,"column":null}},"56":{"start":{"line":100,"column":23},"end":{"line":100,"column":52}},"57":{"start":{"line":100,"column":40},"end":{"line":100,"column":51}},"58":{"start":{"line":102,"column":6},"end":{"line":102,"column":null}},"59":{"start":{"line":106,"column":25},"end":{"line":115,"column":null}},"60":{"start":{"line":107,"column":4},"end":{"line":114,"column":null}},"61":{"start":{"line":107,"column":21},"end":{"line":114,"column":6}},"62":{"start":{"line":108,"column":6},"end":{"line":108,"column":null}},"63":{"start":{"line":108,"column":23},"end":{"line":108,"column":null}},"64":{"start":{"line":109,"column":19},"end":{"line":109,"column":null}},"65":{"start":{"line":110,"column":19},"end":{"line":110,"column":null}},"66":{"start":{"line":111,"column":6},"end":{"line":111,"column":null}},"67":{"start":{"line":112,"column":6},"end":{"line":112,"column":null}},"68":{"start":{"line":113,"column":6},"end":{"line":113,"column":null}},"69":{"start":{"line":117,"column":2},"end":{"line":281,"column":null}},"70":{"start":{"line":124,"column":59},"end":{"line":124,"column":81}},"71":{"start":{"line":136,"column":31},"end":{"line":136,"column":75}},"72":{"start":{"line":141,"column":31},"end":{"line":141,"column":77}},"73":{"start":{"line":146,"column":31},"end":{"line":146,"column":78}},"74":{"start":{"line":151,"column":31},"end":{"line":151,"column":79}},"75":{"start":{"line":157,"column":18},"end":{"line":163,"column":null}},"76":{"start":{"line":157,"column":50},"end":{"line":157,"column":null}},"77":{"start":{"line":171,"column":18},"end":{"line":172,"column":null}},"78":{"start":{"line":171,"column":49},"end":{"line":171,"column":null}},"79":{"start":{"line":181,"column":61},"end":{"line":181,"column":80}},"80":{"start":{"line":191,"column":24},"end":{"line":191,"column":null}},"81":{"start":{"line":192,"column":25},"end":{"line":192,"column":null}},"82":{"start":{"line":193,"column":30},"end":{"line":193,"column":null}},"83":{"start":{"line":194,"column":30},"end":{"line":194,"column":null}},"84":{"start":{"line":195,"column":12},"end":{"line":268,"column":null}},"85":{"start":{"line":214,"column":43},"end":{"line":214,"column":null}},"86":{"start":{"line":239,"column":24},"end":{"line":243,"column":null}},"87":{"start":{"line":241,"column":41},"end":{"line":241,"column":68}},"88":{"start":{"line":249,"column":39},"end":{"line":249,"column":92}},"89":{"start":{"line":257,"column":39},"end":{"line":257,"column":null}},"90":{"start":{"line":257,"column":62},"end":{"line":257,"column":98}},"91":{"start":{"line":262,"column":39},"end":{"line":262,"column":89}}},"fnMap":{"0":{"name":"loadUiMeta","decl":{"start":{"line":8,"column":9},"end":{"line":8,"column":20}},"loc":{"start":{"line":8,"column":27},"end":{"line":8,"column":null}},"line":8},"1":{"name":"saveUiMeta","decl":{"start":{"line":9,"column":9},"end":{"line":9,"column":20}},"loc":{"start":{"line":9,"column":33},"end":{"line":9,"column":null}},"line":9},"2":{"name":"Goals","decl":{"start":{"line":11,"column":24},"end":{"line":11,"column":32}},"loc":{"start":{"line":11,"column":32},"end":{"line":283,"column":null}},"line":11},"3":{"name":"(anonymous_3)","decl":{"start":{"line":25,"column":31},"end":{"line":25,"column":43}},"loc":{"start":{"line":25,"column":43},"end":{"line":44,"column":5}},"line":25},"4":{"name":"(anonymous_4)","decl":{"start":{"line":30,"column":30},"end":{"line":30,"column":36}},"loc":{"start":{"line":30,"column":36},"end":{"line":38,"column":8}},"line":30},"5":{"name":"(anonymous_5)","decl":{"start":{"line":46,"column":12},"end":{"line":46,"column":18}},"loc":{"start":{"line":46,"column":18},"end":{"line":46,"column":35}},"line":46},"6":{"name":"(anonymous_6)","decl":{"start":{"line":48,"column":18},"end":{"line":48,"column":30}},"loc":{"start":{"line":48,"column":30},"end":{"line":92,"column":null}},"line":48},"7":{"name":"(anonymous_7)","decl":{"start":{"line":76,"column":15},"end":{"line":76,"column":23}},"loc":{"start":{"line":76,"column":23},"end":{"line":84,"column":8}},"line":76},"8":{"name":"(anonymous_8)","decl":{"start":{"line":94,"column":21},"end":{"line":94,"column":28}},"loc":{"start":{"line":94,"column":35},"end":{"line":104,"column":null}},"line":94},"9":{"name":"(anonymous_9)","decl":{"start":{"line":100,"column":15},"end":{"line":100,"column":23}},"loc":{"start":{"line":100,"column":23},"end":{"line":100,"column":52}},"line":100},"10":{"name":"(anonymous_10)","decl":{"start":{"line":100,"column":35},"end":{"line":100,"column":40}},"loc":{"start":{"line":100,"column":40},"end":{"line":100,"column":51}},"line":100},"11":{"name":"(anonymous_11)","decl":{"start":{"line":106,"column":25},"end":{"line":106,"column":26}},"loc":{"start":{"line":106,"column":40},"end":{"line":115,"column":null}},"line":106},"12":{"name":"(anonymous_12)","decl":{"start":{"line":107,"column":13},"end":{"line":107,"column":21}},"loc":{"start":{"line":107,"column":21},"end":{"line":114,"column":6}},"line":107},"13":{"name":"(anonymous_13)","decl":{"start":{"line":107,"column":30},"end":{"line":107,"column":35}},"loc":{"start":{"line":107,"column":35},"end":{"line":114,"column":5}},"line":107},"14":{"name":"(anonymous_14)","decl":{"start":{"line":124,"column":53},"end":{"line":124,"column":59}},"loc":{"start":{"line":124,"column":59},"end":{"line":124,"column":81}},"line":124},"15":{"name":"(anonymous_15)","decl":{"start":{"line":136,"column":26},"end":{"line":136,"column":31}},"loc":{"start":{"line":136,"column":31},"end":{"line":136,"column":75}},"line":136},"16":{"name":"(anonymous_16)","decl":{"start":{"line":141,"column":26},"end":{"line":141,"column":31}},"loc":{"start":{"line":141,"column":31},"end":{"line":141,"column":77}},"line":141},"17":{"name":"(anonymous_17)","decl":{"start":{"line":146,"column":26},"end":{"line":146,"column":31}},"loc":{"start":{"line":146,"column":31},"end":{"line":146,"column":78}},"line":146},"18":{"name":"(anonymous_18)","decl":{"start":{"line":151,"column":26},"end":{"line":151,"column":31}},"loc":{"start":{"line":151,"column":31},"end":{"line":151,"column":79}},"line":151},"19":{"name":"(anonymous_19)","decl":{"start":{"line":156,"column":27},"end":{"line":156,"column":null}},"loc":{"start":{"line":157,"column":18},"end":{"line":163,"column":null}},"line":157},"20":{"name":"(anonymous_20)","decl":{"start":{"line":157,"column":44},"end":{"line":157,"column":50}},"loc":{"start":{"line":157,"column":50},"end":{"line":157,"column":null}},"line":157},"21":{"name":"(anonymous_21)","decl":{"start":{"line":170,"column":28},"end":{"line":170,"column":null}},"loc":{"start":{"line":171,"column":18},"end":{"line":172,"column":null}},"line":171},"22":{"name":"(anonymous_22)","decl":{"start":{"line":171,"column":43},"end":{"line":171,"column":49}},"loc":{"start":{"line":171,"column":49},"end":{"line":171,"column":null}},"line":171},"23":{"name":"(anonymous_23)","decl":{"start":{"line":181,"column":55},"end":{"line":181,"column":61}},"loc":{"start":{"line":181,"column":61},"end":{"line":181,"column":80}},"line":181},"24":{"name":"(anonymous_24)","decl":{"start":{"line":190,"column":21},"end":{"line":190,"column":26}},"loc":{"start":{"line":190,"column":26},"end":{"line":270,"column":11}},"line":190},"25":{"name":"(anonymous_25)","decl":{"start":{"line":214,"column":37},"end":{"line":214,"column":43}},"loc":{"start":{"line":214,"column":43},"end":{"line":214,"column":null}},"line":214},"26":{"name":"(anonymous_26)","decl":{"start":{"line":238,"column":45},"end":{"line":238,"column":null}},"loc":{"start":{"line":239,"column":24},"end":{"line":243,"column":null}},"line":239},"27":{"name":"(anonymous_27)","decl":{"start":{"line":241,"column":35},"end":{"line":241,"column":41}},"loc":{"start":{"line":241,"column":41},"end":{"line":241,"column":68}},"line":241},"28":{"name":"(anonymous_28)","decl":{"start":{"line":249,"column":33},"end":{"line":249,"column":39}},"loc":{"start":{"line":249,"column":39},"end":{"line":249,"column":92}},"line":249},"29":{"name":"(anonymous_29)","decl":{"start":{"line":257,"column":34},"end":{"line":257,"column":39}},"loc":{"start":{"line":257,"column":39},"end":{"line":257,"column":null}},"line":257},"30":{"name":"(anonymous_30)","decl":{"start":{"line":257,"column":53},"end":{"line":257,"column":62}},"loc":{"start":{"line":257,"column":62},"end":{"line":257,"column":98}},"line":257},"31":{"name":"(anonymous_31)","decl":{"start":{"line":262,"column":33},"end":{"line":262,"column":39}},"loc":{"start":{"line":262,"column":39},"end":{"line":262,"column":89}},"line":262}},"branchMap":{"0":{"loc":{"start":{"line":8,"column":42},"end":{"line":8,"column":105}},"type":"binary-expr","locations":[{"start":{"line":8,"column":42},"end":{"line":8,"column":101}},{"start":{"line":8,"column":101},"end":{"line":8,"column":105}}],"line":8},"1":{"loc":{"start":{"line":35,"column":14},"end":{"line":35,"column":null}},"type":"binary-expr","locations":[{"start":{"line":35,"column":14},"end":{"line":35,"column":39}},{"start":{"line":35,"column":39},"end":{"line":35,"column":null}}],"line":35},"2":{"loc":{"start":{"line":36,"column":15},"end":{"line":36,"column":null}},"type":"binary-expr","locations":[{"start":{"line":36,"column":15},"end":{"line":36,"column":41}},{"start":{"line":36,"column":41},"end":{"line":36,"column":null}}],"line":36},"3":{"loc":{"start":{"line":37,"column":17},"end":{"line":37,"column":null}},"type":"binary-expr","locations":[{"start":{"line":37,"column":17},"end":{"line":37,"column":45}},{"start":{"line":37,"column":45},"end":{"line":37,"column":null}}],"line":37},"4":{"loc":{"start":{"line":49,"column":4},"end":{"line":49,"column":null}},"type":"if","locations":[{"start":{"line":49,"column":4},"end":{"line":49,"column":null}},{"start":{},"end":{}}],"line":49},"5":{"loc":{"start":{"line":49,"column":8},"end":{"line":49,"column":36}},"type":"binary-expr","locations":[{"start":{"line":49,"column":8},"end":{"line":49,"column":22}},{"start":{"line":49,"column":22},"end":{"line":49,"column":36}}],"line":49},"6":{"loc":{"start":{"line":54,"column":23},"end":{"line":54,"column":null}},"type":"binary-expr","locations":[{"start":{"line":54,"column":23},"end":{"line":54,"column":40}},{"start":{"line":54,"column":40},"end":{"line":54,"column":null}}],"line":54},"7":{"loc":{"start":{"line":67,"column":6},"end":{"line":67,"column":null}},"type":"if","locations":[{"start":{"line":67,"column":6},"end":{"line":67,"column":null}},{"start":{},"end":{}}],"line":67},"8":{"loc":{"start":{"line":73,"column":64},"end":{"line":73,"column":94}},"type":"binary-expr","locations":[{"start":{"line":73,"column":64},"end":{"line":73,"column":92}},{"start":{"line":73,"column":92},"end":{"line":73,"column":94}}],"line":73},"9":{"loc":{"start":{"line":83,"column":17},"end":{"line":83,"column":null}},"type":"binary-expr","locations":[{"start":{"line":83,"column":17},"end":{"line":83,"column":45}},{"start":{"line":83,"column":45},"end":{"line":83,"column":null}}],"line":83},"10":{"loc":{"start":{"line":108,"column":6},"end":{"line":108,"column":null}},"type":"if","locations":[{"start":{"line":108,"column":6},"end":{"line":108,"column":null}},{"start":{},"end":{}}],"line":108},"11":{"loc":{"start":{"line":127,"column":7},"end":{"line":127,"column":null}},"type":"binary-expr","locations":[{"start":{"line":127,"column":7},"end":{"line":127,"column":16}},{"start":{"line":127,"column":16},"end":{"line":127,"column":null}}],"line":127},"12":{"loc":{"start":{"line":129,"column":7},"end":{"line":183,"column":null}},"type":"binary-expr","locations":[{"start":{"line":129,"column":7},"end":{"line":129,"column":null}},{"start":{"line":130,"column":8},"end":{"line":183,"column":null}}],"line":129},"13":{"loc":{"start":{"line":161,"column":46},"end":{"line":161,"column":null}},"type":"cond-expr","locations":[{"start":{"line":161,"column":65},"end":{"line":161,"column":83}},{"start":{"line":161
[...]
rt":{"line":248,"column":41},"end":{"line":248,"column":58}},"89":{"start":{"line":250,"column":41},"end":{"line":250,"column":58}},"90":{"start":{"line":255,"column":41},"end":{"line":255,"column":null}},"91":{"start":{"line":256,"column":41},"end":{"line":256,"column":null}},"92":{"start":{"line":257,"column":37},"end":{"line":257,"column":null}},"93":{"start":{"line":269,"column":73},"end":{"line":269,"column":null}},"94":{"start":{"line":270,"column":47},"end":{"line":270,"column":null}}},"fnMap":{"0":{"name":"Transactions","decl":{"start":{"line":11,"column":24},"end":{"line":11,"column":39}},"loc":{"start":{"line":11,"column":39},"end":{"line":295,"column":null}},"line":11},"1":{"name":"(anonymous_1)","decl":{"start":{"line":32,"column":31},"end":{"line":32,"column":43}},"loc":{"start":{"line":32,"column":43},"end":{"line":49,"column":5}},"line":32},"2":{"name":"(anonymous_2)","decl":{"start":{"line":36,"column":32},"end":{"line":36,"column":39}},"loc":{"start":{"line":36,"column":39},"end":{"line":43,"column":8}},"line":36},"3":{"name":"(anonymous_3)","decl":{"start":{"line":51,"column":12},"end":{"line":51,"column":18}},"loc":{"start":{"line":51,"column":18},"end":{"line":51,"column":35}},"line":51},"4":{"name":"(anonymous_4)","decl":{"start":{"line":53,"column":25},"end":{"line":53,"column":37}},"loc":{"start":{"line":53,"column":37},"end":{"line":81,"column":null}},"line":53},"5":{"name":"(anonymous_5)","decl":{"start":{"line":61,"column":16},"end":{"line":61,"column":24}},"loc":{"start":{"line":61,"column":24},"end":{"line":68,"column":17}},"line":61},"6":{"name":"(anonymous_6)","decl":{"start":{"line":83,"column":19},"end":{"line":83,"column":26}},"loc":{"start":{"line":83,"column":33},"end":{"line":91,"column":null}},"line":83},"7":{"name":"(anonymous_7)","decl":{"start":{"line":86,"column":16},"end":{"line":86,"column":24}},"loc":{"start":{"line":86,"column":24},"end":{"line":86,"column":53}},"line":86},"8":{"name":"(anonymous_8)","decl":{"start":{"line":86,"column":36},"end":{"line":86,"column":41}},"loc":{"start":{"line":86,"column":41},"end":{"line":86,"column":52}},"line":86},"9":{"name":"(anonymous_9)","decl":{"start":{"line":93,"column":20},"end":{"line":93,"column":21}},"loc":{"start":{"line":93,"column":28},"end":{"line":102,"column":null}},"line":93},"10":{"name":"(anonymous_10)","decl":{"start":{"line":104,"column":19},"end":{"line":104,"column":26}},"loc":{"start":{"line":104,"column":33},"end":{"line":121,"column":null}},"line":104},"11":{"name":"(anonymous_11)","decl":{"start":{"line":109,"column":16},"end":{"line":109,"column":24}},"loc":{"start":{"line":109,"column":24},"end":{"line":116,"column":8}},"line":109},"12":{"name":"(anonymous_12)","decl":{"start":{"line":109,"column":33},"end":{"line":109,"column":38}},"loc":{"start":{"line":109,"column":38},"end":{"line":116,"column":7}},"line":109},"13":{"name":"(anonymous_13)","decl":{"start":{"line":123,"column":33},"end":{"line":123,"column":38}},"loc":{"start":{"line":123,"column":38},"end":{"line":127,"column":3}},"line":123},"14":{"name":"(anonymous_14)","decl":{"start":{"line":129,"column":32},"end":{"line":129,"column":33}},"loc":{"start":{"line":129,"column":44},"end":{"line":129,"column":60}},"line":129},"15":{"name":"(anonymous_15)","decl":{"start":{"line":138,"column":53},"end":{"line":138,"column":59}},"loc":{"start":{"line":138,"column":59},"end":{"line":138,"column":81}},"line":138},"16":{"name":"(anonymous_16)","decl":{"start":{"line":150,"column":26},"end":{"line":150,"column":31}},"loc":{"start":{"line":150,"column":31},"end":{"line":150,"column":82}},"line":150},"17":{"name":"(anonymous_17)","decl":{"start":{"line":155,"column":26},"end":{"line":155,"column":31}},"loc":{"start":{"line":155,"column":31},"end":{"line":155,"column":77}},"line":155},"18":{"name":"(anonymous_18)","decl":{"start":{"line":159,"column":54},"end":{"line":159,"column":59}},"loc":{"start":{"line":159,"column":59},"end":{"line":159,"column":null}},"line":159},"19":{"name":"(anonymous_19)","decl":{"start":{"line":160,"column":40},"end":{"line":160,"column":45}},"loc":{"start":{"line":160,"column":45},"end":{"line":160,"column":73}},"line":160},"20":{"name":"(anonymous_20)","decl":{"start":{"line":165,"column":50},"end":{"line":165,"column":55}},"loc":{"start":{"line":165,"column":55},"end":{"line":165,"column":null}},"line":165},"21":{"name":"(anonymous_21)","decl":{"start":{"line":172,"column":61},"end":{"line":172,"column":66}},"loc":{"start":{"line":172,"column":66},"end":{"line":172,"column":110}},"line":172},"22":{"name":"(anonymous_22)","decl":{"start":{"line":179,"column":55},"end":{"line":179,"column":61}},"loc":{"start":{"line":179,"column":61},"end":{"line":179,"column":80}},"line":179},"23":{"name":"(anonymous_23)","decl":{"start":{"line":185,"column":42},"end":{"line":185,"column":null}},"loc":{"start":{"line":186,"column":10},"end":{"line":188,"column":null}},"line":186},"24":{"name":"(anonymous_24)","decl":{"start":{"line":188,"column":21},"end":{"line":188,"column":27}},"loc":{"start":{"line":188,"column":27},"end":{"line":188,"column":42}},"line":188},"25":{"name":"(anonymous_25)","decl":{"start":{"line":191,"column":44},"end":{"line":191,"column":49}},"loc":{"start":{"line":191,"column":49},"end":{"line":191,"column":null}},"line":191},"26":{"name":"(anonymous_26)","decl":{"start":{"line":194,"column":34},"end":{"line":194,"column":39}},"loc":{"start":{"line":194,"column":39},"end":{"line":194,"column":67}},"line":194},"27":{"name":"(anonymous_27)","decl":{"start":{"line":206,"column":81},"end":{"line":206,"column":null}},"loc":{"start":{"line":207,"column":20},"end":{"line":207,"column":null}},"line":207},"28":{"name":"(anonymous_28)","decl":{"start":{"line":212,"column":30},"end":{"line":212,"column":36}},"loc":{"start":{"line":212,"column":36},"end":{"line":275,"column":17}},"line":212},"29":{"name":"(anonymous_29)","decl":{"start":{"line":218,"column":36},"end":{"line":218,"column":41}},"loc":{"start":{"line":218,"column":41},"end":{"line":218,"column":null}},"line":218},"30":{"name":"(anonymous_30)","decl":{"start":{"line":223,"column":36},"end":{"line":223,"column":41}},"loc":{"start":{"line":223,"column":41},"end":{"line":223,"column":null}},"line":223},"31":{"name":"(anonymous_31)","decl":{"start":{"line":228,"column":36},"end":{"line":228,"column":41}},"loc":{"start":{"line":228,"column":41},"end":{"line":228,"column":null}},"line":228},"32":{"name":"(anonymous_32)","decl":{"start":{"line":230,"column":50},"end":{"line":230,"column":55}},"loc":{"start":{"line":230,"column":55},"end":{"line":230,"column":83}},"line":230},"33":{"name":"(anonymous_33)","decl":{"start":{"line":235,"column":36},"end":{"line":235,"column":41}},"loc":{"start":{"line":235,"column":41},"end":{"line":235,"column":null}},"line":235},"34":{"name":"(anonymous_34)","decl":{"start":{"line":243,"column":36},"end":{"line":243,"column":41}},"loc":{"start":{"line":243,"column":41},"end":{"line":243,"column":null}},"line":243},"35":{"name":"(anonymous_35)","decl":{"start":{"line":248,"column":35},"end":{"line":248,"column":41}},"loc":{"start":{"line":248,"column":41},"end":{"line":248,"column":58}},"line":248},"36":{"name":"(anonymous_36)","decl":{"start":{"line":250,"column":35},"end":{"line":250,"column":41}},"loc":{"start":{"line":250,"column":41},"end":{"line":250,"column":58}},"line":250},"37":{"name":"(anonymous_37)","decl":{"start":{"line":255,"column":36},"end":{"line":255,"column":41}},"loc":{"start":{"line":255,"column":41},"end":{"line":255,"column":null}},"line":255},"38":{"name":"(anonymous_38)","decl":{"start":{"line":256,"column":36},"end":{"line":256,"column":41}},"loc":{"start":{"line":256,"column":41},"end":{"line":256,"column":null}},"line":256},"39":{"name":"(anonymous_39)","decl":{"start":{"line":257,"column":31},"end":{"line":257,"column":37}},"loc":{"start":{"line":257,"column":37},"end":{"line":257,"column":null}},"line":257},"40":{"name":"(anonymous_40)","decl":{"start":{"line":269,"column":68},"end":{"line":269,"column":73}},"loc":{"start":{"line":269,"column":73},"end":{"line":269,"column":null}},"line":269},"41":{"name":"(anonymous_41)","decl":{"start":{"line":270,"column":41},"end":{"line":270,"column":47}},"loc":{"start":{"line":270,"column":47},"end":{"line":270,"column":null}},"line":270}},"branchMap":{"0":{"loc":{"start":{"line":42,"column":14},"end":{"line":42,"column":null}},"type":"cond-expr","locations":[{"start":{"line":42,"column":31},"end":{"line":42,"column":42}},{"start":{"line":42,"column":42},"end":{"line":42,"column":null}}],"line":42},"1":{"loc":{"start":{"line":54,"column":4},"end":{"line":54,"column":null}},"type":"if","locations":[{"start":{"line":54,"column":4},"end":{"line":54,"column":null}},{"start":{},"end":{}}],"line":54},"2":{"loc":{"start":{"line":54,"column":8},"end":{"line":54,"column":43}},"type":"binary-expr","locations":[{"start":{"line":54,"column":8},"end":{"line":54,"column":29}},{"start":{"line":54,"column":29},"end":{"line":54,"column":43}}],"line":54},"3":{"loc":{"start":{"line":59,"column":24},"end":{"line":59,"column":null}},"type":"cond-expr","locations":[{"start":{"line":59,"column":50},"end":{"line":59,"column":70}},{"start":{"line":59,"column":70},"end":{"line":59,"column":null}}],"line":59},"4":{"loc":{"start":{"line":87,"column":6},"end":{"line":87,"column":null}},"type":"if","locations":[{"start":{"line":87,"column":6},"end":{"line":87,"column":null}},{"start":{},"end":{}}],"line":87},"5":{"loc":{"start":{"line":106,"column":21},"end":{"line":106,"column":null}},"type":"binary-expr","locations":[{"start":{"line":106,"column":21},"end":{"line":106,"column":52}},{"start":{"line":106,"column":52},"end":{"line":106,"column":null}}],"line":106},"6":{"loc":{"start":{"line":107,"column":24},"end":{"line":107,"column":null}},"type":"cond-expr","locations":[{"start":{"line":107,"column":54},"end":{"line":107,"column":74}},{"start":{"line":107,"column":74},"end":{"line":107,"column":null}}],"line":107},"7":{"loc":{"start":{"line":109,"column":38},"end":{"line":116,"column":7}},"type":"cond-expr","locations":[{"start":{"line":109,"column":52},"end":{"line":109,"column":56}},{"start":{"line":109,"column":56},"end":{"line":116,"column":7}}],"line":109},"8":{"loc":{"start":{"line":124,"column":19},"end":{"line":124,"column":null}},"type":"binary-expr","locations":[{"start":{"line":124,"column":19},"end":{"line":124,"column":39}},{"start":{"line":124,"column":39},"end":{"line":124,"column":null}}],"line":124},"9":{"loc":{"start":{"line":125,"column":19},"end":{"line":125,"column":null}},"type":"binary-expr","locations":[{"start":{"line":125,"column":19},"end":{"line":125,"column":42}},{"start":{"line":125,"column":42},"end":{"line":125,"column":null}}],"line":125},"10":{"loc":{"start":{"line":126,"column":11},"end":{"line":126,"column":null}},"type":"binary-expr","locations":[{"start":{"line":126,"column":11},"end":{"line":126,"column":21}},{"start":{"line":126,"column":21},"end":{"line":126,"column":null}}],"line":126},"11":{"loc":{"start":{"line":141,"column":7},"end":{"line":141,"column":null}},"type":"binary-expr","locations":[{"start":{"line":141,"column":7},"end":{"line":141,"column":16}},{"start":{"line":141,"column":16},"end":{"line":141,"column":null}}],"line":141},"12":{"loc":{"start":{"line":143,"column":7},"end":{"line":181,"column":null}},"type":"binary-expr","locations":[{"start":{"line":143,"column":7},"end":{"line":143,"column":null}},{"start":{"line":144,"column":8},"end":{"line":181,"column":null}}],"line":143},"13":{"loc":{"start":{"line":177,"column":15},"end":{"line":177,"column":null}},"type":"cond-expr","locations":[{"start":{"line":177,"column":24},"end":{"line":177,"column":38}},{"start":{"line":177,"column":38},"end":{"line":177,"column":null}}],"line":177},"14":{"loc":{"start":{"line":186,"column":44},"end":{"line":186,"column":86}},"type":"cond-expr","locations":[{"start":{"line":186,"column":59},"end":{"line":186,"column":75}},{"start":{"line":186,"column":75},"end":{"line":186,"column":86}}],"line":186},"15":{"loc":{"start":{"line":200,"column":11},"end":{"line":277,"column":null}},"type":"cond-expr","locations":[{"start":{"line":201,"column":12},"end":{"line":201,"column":null}},{"start":{"line":203,"column":12},"end":{"line":277,"column":null}}],"line":200},"16":{"loc":{"start":{"line":214,"column":25},"end":{"line":273,"column":null}},"type":"cond-expr","locations":[{"start":{"line":215,"column":20},"end":{"line":252,"column":null}},{"start":{"line":254,"column":20},"end":{"line":273,"column":null}}],"line":214},"17":{"loc":{"start":{"line":264,"column":48},"end":{"line":264,"column":94}},"type":"cond-expr","locations":[{"start":{"line":264,"column":71},"end":{"line":264,"column":85}},{"start":{"line":264,"column":85},"end":{"line":264,"column":94}}],"line":264},"18":{"loc":{"start":{"line":266,"column":117},"end":{"line":266,"column":167}},"type":"cond-expr","locations":[{"start":{"line":266,"column":133},"end":{"line":266,"column":151}},{"start":{"line":266,"column":151},"end":{"line":266,"column":167}}],"line":266},"19":{"loc":{"start":{"line":267,"column":25},"end":{"line":267,"column":50}},"type":"cond-expr","locations":[{"start":{"line":267,"column":41},"end":{"line":267,"column":47}},{"start":{"line":267,"column":47},"end":{"line":267,"column":50}}],"line":267},"20":{"loc":{"start":{"line":279,"column":11},"end":{"line":280,"column":null}},"type":"binary-expr","locations":[{"start":{"line":279,"column":11},"end":{"line":279,"column":23}},{"start":{"line":279,"column":23},"end":{"line":279,"column":null}},{"start":{"line":280,"column":12},"end":{"line":280,"column":null}}],"line":279},"21":{"loc":{"start":{"line":286,"column":38},"end":{"line":286,"column":71}},"type":"cond-expr","locations":[{"start":{"line":286,"column":62},"end":{"line":286,"column":68}},{"start":{"line":286,"column":68},"end":{"line":286,"column":71}}],"line":286},"22":{"loc":{"start":{"line":288,"column":47},"end":{"line":288,"column":94}},"type":"cond-expr","locations":[{"start":{"line":288,"column":60},"end":{"line":288,"column":78}},{"start":{"line":288,"column":78},"end":{"line":288,"column":94}}],"line":288},"23":{"loc":{"start":{"line":289,"column":11},"end":{"line":289,"column":33}},"type":"cond-expr","locations":[{"start":{"line":289,"column":24},"end":{"line":289,"column":30}},{"start":{"line":289,"column":30},"end":{"line":289,"column":33}}],"line":289}},"s":{"0":3,"1":55,"2":55,"3":55,"4":55,"5":55,"6":55,"7":55,"8":55,"9":55,"10":55,"11":55,"12":55,"13":19,"14":19,"15":19,"16":19,"17":38,"18":19,"19":0,"20":19,"21":55,"22":19,"23":55,"24":1,"25":0,"26":1,"27":1,"28":1,"29":1,"30":1,"31":1,"32":1,"33":1,"34":1,"35":1,"36":0,"37":1,"38":55,"39":1,"40":1,"41":1,"42":1,"43":2,"44":1,"45":0,"46":0,"47":55,"48":0,"49":0,"50":55,"51":0,"52":0,"53":0,"54":0,"55":0,"56":0,"57":0,"58":0,"59":0,"60":55,"61":24,"62":24,"63":24,"64":55,"65":21,"66":55,"67":9,"68":2,"69":2,"70":0,"71":322,"72":0,"73":0,"74":1,"75":165,"76":4,"77":0,"78":770,"79":72,"80":21,"81":21,"82":0,"83":0,"84":0,"85":0,"86":0,"87":0,"88":0,"89":0,"90":0,"91":0,"92":0,"93":1,"94":1},"f":{"0":55,"1":19,"2":38,"3":19,"4":1,"5":1,"6":1,"7":1,"8":2,"9":0,"10":0,"11":0,"12":0,"13":24,"14":21,"15":9,"16":2,"17":2,"18":0,"19":322,"20":0,"21":0,"22":1,"23":165,"24":4,"25":0,"26":770,"27":72,"28":21,"29":0,"30":0,"31":0,"32":0,"33":0,"34":0,"35":0,"36":0,"37":0,"38":0,"39":0,"40":1,"41":1},"b":{"0":[19,19],"1":[0,1],"2":[1,1],"3":[1,0],"4":[0,1],"5":[0,0],"6":[0,0],"7":[0,0],"8":[24,6],"9":[24,0],"10":[24,21],"11":[55,0],"12":[55,23],"13":[1,22],"14":[55,110],"15":[43,12],"16":[0,21],"17":[10,11],"18":[10,11],"19":[10,11],"20":[55,12,0],"21":[51,4],"22":[53,2],"23":[53,2]},"meta":{"lastBranch":24,"lastFunction":42,"lastStatement":95,"seen":{"s:5:27:9:Infinity":0,"f:11:24:11:39":0,"s:12:17:12:Infinity":1,"s:14:26:14:Infinity":2,"s:15:28:15:Infinity":3,"s:16:24:16:Infinity":4,"s:17:25:17:Infinity":5,"s:18:32:18:Infinity":6,"s:19:28:19:Infinity":7,"s:20:26:20:Infinity":8,"s:21:22:27:Infinity":9,"s:29:28:29:Infinity":10,"s:30:30:30:Infinity":11,"s:32:8:49:Infinity":12,"f:32:31:32:43":1,"s:33:4:33:Infinity":13,"s:34:4:47:Infinity":14,"s:35:21:35:Infinity":15,"s:36:21:43:Infinity":16,"f:36:32:36:39":2,"s:36:39:43:8":17,"b:42:31:42:42:42:42:42:Infinity":0,"s:44:6:44:Infinity":18,"s:46:6:46:Infinity":19,"s:48:4:48:Infinity":20,"s:51:2:51:Infinity":21,"f:51:12:51:18":3,"s:51:20:51:32":22,"s:53:25:81:Infinity":23,"f:53:25:53:37":4,"b:54:4:54:Infinity:undefined:undefined:undefined:undefined":1,"s:54:4:54:Infinity":24,"b:54:8:54:29:54:29:54:43":2,"s:54:43:54:Infinity":25,"s:55:4:55:Infinity":26,"s:56:4:56:Infinity":27,"s:57:4:79:Infinity":28,"s:58:21:58:Infinity":29,"s:59:24:59:Infinity":30,"b:59:50:59:70:59:70:59:Infinity":3,"s:60:20:60:Infinity":31,"s:61:6:68:Infinity":32,"f:61:16:61:24":5,"s:61:24:68:17":33,"s:69:6:69:Infinity":34,"s:70:6:76:Infinity":35,"s:78:6:78:Infinity":36,"s:80:4:80:Infinity":37,"s:83:19:91:Infinity":38,"f:83:19:83:26":6,"s:84:4:90:Infinity":39,"s:85:6:85:Infinity":40,"s:86:6:86:Infinity":41,"f:86:16:86:24":7,"s:86:24:86:53":42,"f:86:36:86:41":8,"s:86:41:86:52":43,"b:87:6:87:Infinity:undefined:undefined:undefined:undefined":4,"s:87:6:87:Infinity":44,"s:87:25:87:Infinity":45,"s:89:6:89:Infinity":46,"s:93:20:102:Infinity":47,"f:93:20:93:21":9,"s:94:4:94:Infinity":48,"s:95:4:101:Infinity":49,"s:104:19:121:Infinity":50,"f:104:19:104:26":10,"s:105:4:120:Infinity":51,"s:106:21:106:Infinity":52,"b:106:21:106:52:106:52:106:Infinity":5,"s:107:24:107:Infinity":53,"b:107:54:107:74:107:74:107:Infinity":6,"s:108:6:108:Infinity":54,"s:109:6:116:Infinity":55,"f:109:16:109:24":11,"s:109:24:116:8":56,"f:109:33:109:38":12,"s:109:38:116:7":57,"b:109:52:109:56:109:56:116:7":7,"s:117:6:117:Infinity":58,"s:119:6:119:Infinity":59,"s:123:19:127:Infinity":60,"f:123:33:123:38":13,"s:124:19:124:Infinity":61,"b:124:19:124:39:124:39:124:Infinity":8,"s:125:19:125:Infinity":62,"b:125:19:125:42:125:42:125:Infinity":9,"s:126:4:126:Infinity":63,"b:126:11:126:21:126:21:126:Infinity":10,"s:129:16:129:Infinity":64,"f:129:32:129:33":14,"s:129:44:129:60":65,"s:131:2:293:Infinity":66,"f:138:53:138:59":15,"s:138:59:138:81":67,"b:141:7:141:16:141:16:141:Infinity":11,"b:143:7:143:Infinity:144:8:181:Infinity":12,"f:150:26:150:31":16,"s:150:31:150:82":68,"f:155:26:155:31":17,"s:155:31:155:77":69,"f:159:54:159:59":18,"s:159:59:159:Infinity":70,"f:160:40:160:45":19,"s:160:45:160:73":71,"f:165:50:165:55":20,"s:165:55:165:Infinity":72,"f:172:61:172:66":21,"s:172:66:172:110":73,"b:177:24:177:38:177:38:177:Infinity":13,"f:179:55:179:61":22,"s:179:61:179:80":74,"f:185:42:185:Infinity":23,"s:186:10:188:Infinity":75,"b:186:59:186:75:186:75:186:86":14,"f:188:21:188:27":24,"s:188:27:188:42":76,"f:191:44:191:49":25,"s:191:49:191:Infinity":77,"f:194:34:194:39":26,"s:194:39:194:67":78,"b:201:12:201:Infinity:203:12:277:Infinity":15,"f:206:81:206:Infinity":27,"s:207:20:207:Infinity":79,"f:212:30:212:36":28,"s:213:36:213:Infinity":80,"s:214:18:273:Infinity":81,"b:215:20:252:Infinity:254:20:273:Infinity":16,"f:218:36:218:41":29,"s:218:41:218:Infinity":82,"f:223:36:223:41":30,"s:223:41:223:Infinity":83,"f:228:36:228:41":31,"s:228:41:228:Infinity":84,"f:230:50:230:55":32,"s:230:55:230:83":85,"f:235:36:235:41":33,"s:235:41:235:Infinity":86,"f:243:36:243:41":34,"s:243:41:243:Infinity":87,"f:248:35:248:41":35,"s:248:41:248:58":88,"f:250:35:250:41":36,"s:250:41:250:58":89,"f:255:36:255:41":37,"s:255:41:255:Infinity":90,"f:256:36:256:41":38,"s:256:41:256:Infinity":91,"f:257:31:257:37":39,"s:257:37:257:Infinity":92,"b:264:71:264:85:264:85:264:94":17,"b:266:133:266:151:266:151:266:167":18,"b:267:41:267:47:267:47:267:50":19,"f:269:68:269:73":40,"s:269:73:269:Infinity":93,"f:270:41:270:47":41,"s:270:47:270:Infinity":94,"b:279:11:279:23:279:23:279:Infinity:280:12:280:Infinity":20,"b:286:62:286:68:286:68:286:71":21,"b:288:60:288:78:288:78:288:94":22,"b:289:24:289:30:289:30:289:33":23}}}
}
